{"/home/travis/build/npmtest/node-npmtest-inliner/test.js":{"path":"/home/travis/build/npmtest/node-npmtest-inliner/test.js","s":{"1":2,"2":2,"3":2,"4":2,"5":2,"6":2,"7":2,"8":1,"9":2,"10":2,"11":1,"12":1,"13":1,"14":1,"15":2,"16":2,"17":2,"18":2,"19":1,"20":1,"21":2,"22":2,"23":2,"24":1,"25":1,"26":1,"27":1,"28":1,"29":1,"30":1,"31":1,"32":1,"33":1,"34":1,"35":1,"36":1,"37":1,"38":1,"39":2,"40":2,"41":1,"42":2,"43":2,"44":1,"45":2,"46":2,"47":1,"48":2,"49":2,"50":1,"51":1,"52":1,"53":1,"54":1},"b":{"1":[2,1,1,1],"2":[1,1,1,1],"3":[1,1],"4":[1,1],"5":[1,1],"6":[1,1],"7":[1,1],"8":[1,1],"9":[1,1],"10":[1,1,1],"11":[1,1],"12":[1,1],"13":[1,1],"14":[1,1],"15":[1,1],"16":[1,1],"17":[1,1]},"f":{"1":2,"2":2,"3":2,"4":2,"5":2,"6":1,"7":1,"8":1,"9":2,"10":2,"11":2,"12":2,"13":1},"fnMap":{"1":{"name":"(anonymous_1)","line":12,"loc":{"start":{"line":12,"column":1},"end":{"line":12,"column":13}}},"2":{"name":"(anonymous_2)","line":19,"loc":{"start":{"line":19,"column":5},"end":{"line":19,"column":17}}},"3":{"name":"(anonymous_3)","line":23,"loc":{"start":{"line":23,"column":24},"end":{"line":23,"column":36}}},"4":{"name":"(anonymous_4)","line":61,"loc":{"start":{"line":61,"column":5},"end":{"line":61,"column":17}}},"5":{"name":"(anonymous_5)","line":82,"loc":{"start":{"line":82,"column":5},"end":{"line":82,"column":17}}},"6":{"name":"(anonymous_6)","line":91,"loc":{"start":{"line":91,"column":77},"end":{"line":94,"column":10}}},"7":{"name":"(anonymous_7)","line":112,"loc":{"start":{"line":112,"column":83},"end":{"line":115,"column":10}},"skip":true},"8":{"name":"(anonymous_8)","line":123,"loc":{"start":{"line":123,"column":77},"end":{"line":126,"column":10}},"skip":true},"9":{"name":"(anonymous_9)","line":139,"loc":{"start":{"line":139,"column":12},"end":{"line":139,"column":40}},"skip":true},"10":{"name":"(anonymous_10)","line":147,"loc":{"start":{"line":147,"column":77},"end":{"line":150,"column":10}},"skip":true},"11":{"name":"(anonymous_11)","line":158,"loc":{"start":{"line":158,"column":83},"end":{"line":161,"column":10}},"skip":true},"12":{"name":"(anonymous_12)","line":169,"loc":{"start":{"line":169,"column":79},"end":{"line":172,"column":10}},"skip":true},"13":{"name":"(anonymous_13)","line":180,"loc":{"start":{"line":180,"column":75},"end":{"line":183,"column":10}},"skip":true}},"statementMap":{"1":{"start":{"line":12,"column":0},"end":{"line":195,"column":5}},"2":{"start":{"line":14,"column":4},"end":{"line":14,"column":14}},"3":{"start":{"line":19,"column":4},"end":{"line":56,"column":9}},"4":{"start":{"line":21,"column":8},"end":{"line":21,"column":19}},"5":{"start":{"line":23,"column":8},"end":{"line":35,"column":13}},"6":{"start":{"line":24,"column":12},"end":{"line":34,"column":13}},"7":{"start":{"line":25,"column":16},"end":{"line":28,"column":30}},"8":{"start":{"line":30,"column":16},"end":{"line":33,"column":27}},"9":{"start":{"line":37,"column":8},"end":{"line":39,"column":21}},"10":{"start":{"line":40,"column":8},"end":{"line":53,"column":9}},"11":{"start":{"line":43,"column":12},"end":{"line":46,"column":14}},"12":{"start":{"line":47,"column":12},"end":{"line":47,"column":18}},"13":{"start":{"line":50,"column":12},"end":{"line":51,"column":33}},"14":{"start":{"line":52,"column":12},"end":{"line":52,"column":18}},"15":{"start":{"line":55,"column":8},"end":{"line":55,"column":35}},"16":{"start":{"line":61,"column":4},"end":{"line":63,"column":9}},"17":{"start":{"line":62,"column":8},"end":{"line":62,"column":15}},"18":{"start":{"line":64,"column":4},"end":{"line":77,"column":5}},"19":{"start":{"line":70,"column":8},"end":{"line":70,"column":14}},"20":{"start":{"line":76,"column":8},"end":{"line":76,"column":14}},"21":{"start":{"line":82,"column":4},"end":{"line":84,"column":9}},"22":{"start":{"line":83,"column":8},"end":{"line":83,"column":15}},"23":{"start":{"line":85,"column":4},"end":{"line":194,"column":5}},"24":{"start":{"line":91,"column":8},"end":{"line":99,"column":10}},"25":{"start":{"line":98,"column":12},"end":{"line":98,"column":35}},"26":{"start":{"line":102,"column":8},"end":{"line":104,"column":63}},"27":{"start":{"line":105,"column":8},"end":{"line":105,"column":14}},"28":{"start":{"line":112,"column":8},"end":{"line":121,"column":10},"skip":true},"29":{"start":{"line":119,"column":12},"end":{"line":119,"column":55},"skip":true},"30":{"start":{"line":120,"column":12},"end":{"line":120,"column":48},"skip":true},"31":{"start":{"line":123,"column":8},"end":{"line":136,"column":10},"skip":true},"32":{"start":{"line":130,"column":12},"end":{"line":130,"column":76},"skip":true},"33":{"start":{"line":131,"column":12},"end":{"line":131,"column":73},"skip":true},"34":{"start":{"line":132,"column":12},"end":{"line":132,"column":74},"skip":true},"35":{"start":{"line":133,"column":12},"end":{"line":133,"column":79},"skip":true},"36":{"start":{"line":134,"column":12},"end":{"line":134,"column":25},"skip":true},"37":{"start":{"line":135,"column":12},"end":{"line":135,"column":45},"skip":true},"38":{"start":{"line":138,"column":8},"end":{"line":145,"column":14},"skip":true},"39":{"start":{"line":143,"column":16},"end":{"line":143,"column":29},"skip":true},"40":{"start":{"line":144,"column":16},"end":{"line":144,"column":55},"skip":true},"41":{"start":{"line":147,"column":8},"end":{"line":156,"column":10},"skip":true},"42":{"start":{"line":154,"column":12},"end":{"line":154,"column":25},"skip":true},"43":{"start":{"line":155,"column":12},"end":{"line":155,"column":45},"skip":true},"44":{"start":{"line":158,"column":8},"end":{"line":167,"column":10},"skip":true},"45":{"start":{"line":165,"column":12},"end":{"line":165,"column":25},"skip":true},"46":{"start":{"line":166,"column":12},"end":{"line":166,"column":48},"skip":true},"47":{"start":{"line":169,"column":8},"end":{"line":178,"column":10},"skip":true},"48":{"start":{"line":176,"column":12},"end":{"line":176,"column":25},"skip":true},"49":{"start":{"line":177,"column":12},"end":{"line":177,"column":46},"skip":true},"50":{"start":{"line":180,"column":8},"end":{"line":189,"column":10},"skip":true},"51":{"start":{"line":187,"column":12},"end":{"line":187,"column":94},"skip":true},"52":{"start":{"line":188,"column":12},"end":{"line":188,"column":48},"skip":true},"53":{"start":{"line":192,"column":8},"end":{"line":192,"column":35},"skip":true},"54":{"start":{"line":193,"column":8},"end":{"line":193,"column":14},"skip":true}},"branchMap":{"1":{"line":25,"type":"binary-expr","locations":[{"start":{"line":25,"column":23},"end":{"line":25,"column":62}},{"start":{"line":26,"column":20},"end":{"line":26,"column":70}},{"start":{"line":27,"column":20},"end":{"line":27,"column":71}},{"start":{"line":28,"column":20},"end":{"line":28,"column":29}}]},"2":{"line":30,"type":"binary-expr","locations":[{"start":{"line":30,"column":23},"end":{"line":30,"column":37}},{"start":{"line":31,"column":20},"end":{"line":31,"column":61}},{"start":{"line":32,"column":20},"end":{"line":32,"column":70}},{"start":{"line":33,"column":20},"end":{"line":33,"column":26}}]},"3":{"line":37,"type":"cond-expr","locations":[{"start":{"line":38,"column":14},"end":{"line":38,"column":20}},{"start":{"line":39,"column":14},"end":{"line":39,"column":20}}]},"4":{"line":40,"type":"switch","locations":[{"start":{"line":42,"column":8},"end":{"line":47,"column":18}},{"start":{"line":49,"column":8},"end":{"line":52,"column":18}}]},"5":{"line":44,"type":"binary-expr","locations":[{"start":{"line":44,"column":16},"end":{"line":44,"column":44}},{"start":{"line":44,"column":48},"end":{"line":44,"column":66}}]},"6":{"line":50,"type":"binary-expr","locations":[{"start":{"line":50,"column":21},"end":{"line":50,"column":49}},{"start":{"line":50,"column":53},"end":{"line":50,"column":72}}]},"7":{"line":64,"type":"switch","locations":[{"start":{"line":69,"column":4},"end":{"line":70,"column":14}},{"start":{"line":75,"column":4},"end":{"line":76,"column":14}}]},"8":{"line":85,"type":"switch","locations":[{"start":{"line":90,"column":4},"end":{"line":105,"column":14}},{"start":{"line":111,"column":4},"end":{"line":193,"column":14},"skip":true}]},"9":{"line":91,"type":"binary-expr","locations":[{"start":{"line":91,"column":42},"end":{"line":91,"column":73}},{"start":{"line":91,"column":77},"end":{"line":99,"column":9}}]},"10":{"line":102,"type":"binary-expr","locations":[{"start":{"line":102,"column":18},"end":{"line":102,"column":32}},{"start":{"line":103,"column":12},"end":{"line":103,"column":53}},{"start":{"line":104,"column":12},"end":{"line":104,"column":61}}]},"11":{"line":112,"type":"binary-expr","locations":[{"start":{"line":112,"column":45},"end":{"line":112,"column":79},"skip":true},{"start":{"line":112,"column":83},"end":{"line":121,"column":9},"skip":true}]},"12":{"line":123,"type":"binary-expr","locations":[{"start":{"line":123,"column":42},"end":{"line":123,"column":73},"skip":true},{"start":{"line":123,"column":77},"end":{"line":136,"column":9},"skip":true}]},"13":{"line":138,"type":"binary-expr","locations":[{"start":{"line":138,"column":48},"end":{"line":138,"column":85},"skip":true},{"start":{"line":139,"column":12},"end":{"line":145,"column":13},"skip":true}]},"14":{"line":147,"type":"binary-expr","locations":[{"start":{"line":147,"column":42},"end":{"line":147,"column":73},"skip":true},{"start":{"line":147,"column":77},"end":{"line":156,"column":9},"skip":true}]},"15":{"line":158,"type":"binary-expr","locations":[{"start":{"line":158,"column":45},"end":{"line":158,"column":79},"skip":true},{"start":{"line":158,"column":83},"end":{"line":167,"column":9},"skip":true}]},"16":{"line":169,"type":"binary-expr","locations":[{"start":{"line":169,"column":43},"end":{"line":169,"column":75},"skip":true},{"start":{"line":169,"column":79},"end":{"line":178,"column":9},"skip":true}]},"17":{"line":180,"type":"binary-expr","locations":[{"start":{"line":180,"column":41},"end":{"line":180,"column":71},"skip":true},{"start":{"line":180,"column":75},"end":{"line":189,"column":9},"skip":true}]}},"code":["/* istanbul instrument in package npmtest_inliner */","/*jslint","    bitwise: true,","    browser: true,","    maxerr: 8,","    maxlen: 96,","    node: true,","    nomen: true,","    regexp: true,","    stupid: true","*/","(function () {","    'use strict';","    var local;","","","","    // run shared js-env code - init-before","    (function () {","        // init local","        local = {};","        // init modeJs","        local.modeJs = (function () {","            try {","                return typeof navigator.userAgent === 'string' &&","                    typeof document.querySelector('body') === 'object' &&","                    typeof XMLHttpRequest.prototype.open === 'function' &&","                    'browser';","            } catch (errorCaughtBrowser) {","                return module.exports &&","                    typeof process.versions.node === 'string' &&","                    typeof require('http').createServer === 'function' &&","                    'node';","            }","        }());","        // init global","        local.global = local.modeJs === 'browser'","            ? window","            : global;","        switch (local.modeJs) {","        // re-init local from window.local","        case 'browser':","            local = local.global.utility2.objectSetDefault(","                local.global.utility2_rollup || local.global.local,","                local.global.utility2","            );","            break;","        // re-init local from example.js","        case 'node':","            local = (local.global.utility2_rollup || require('utility2'))","                .requireReadme();","            break;","        }","        // export local","        local.global.local = local;","    }());","","","","    // run shared js-env code - function","    (function () {","        return;","    }());","    switch (local.modeJs) {","","","","    // run browser js-env code - function","    case 'browser':","        break;","","","","    // run node js-env code - function","    case 'node':","        break;","    }","","","","    // run shared js-env code - init-after","    (function () {","        return;","    }());","    switch (local.modeJs) {","","","","    // run browser js-env code - init-after","    case 'browser':","        local.testCase_browser_nullCase = local.testCase_browser_nullCase || function (","            options,","            onError","        ) {","        /*","         * this function will test browsers's null-case handling-behavior-behavior","         */","            onError(null, options);","        };","","        // run tests","        local.nop(local.modeTest &&","            document.querySelector('#testRunButton1') &&","            document.querySelector('#testRunButton1').click());","        break;","","","","    // run node js-env code - init-after","    /* istanbul ignore next */","    case 'node':","        local.testCase_buildApidoc_default = local.testCase_buildApidoc_default || function (","            options,","            onError","        ) {","        /*","         * this function will test buildApidoc's default handling-behavior-behavior","         */","            options = { modulePathList: module.paths };","            local.buildApidoc(options, onError);","        };","","        local.testCase_buildApp_default = local.testCase_buildApp_default || function (","            options,","            onError","        ) {","        /*","         * this function will test buildApp's default handling-behavior-behavior","         */","            local.testCase_buildReadme_default(options, local.onErrorThrow);","            local.testCase_buildLib_default(options, local.onErrorThrow);","            local.testCase_buildTest_default(options, local.onErrorThrow);","            local.testCase_buildCustomOrg_default(options, local.onErrorThrow);","            options = [];","            local.buildApp(options, onError);","        };","","        local.testCase_buildCustomOrg_default = local.testCase_buildCustomOrg_default ||","            function (options, onError) {","            /*","             * this function will test buildCustomOrg's default handling-behavior","             */","                options = {};","                local.buildCustomOrg(options, onError);","            };","","        local.testCase_buildLib_default = local.testCase_buildLib_default || function (","            options,","            onError","        ) {","        /*","         * this function will test buildLib's default handling-behavior","         */","            options = {};","            local.buildLib(options, onError);","        };","","        local.testCase_buildReadme_default = local.testCase_buildReadme_default || function (","            options,","            onError","        ) {","        /*","         * this function will test buildReadme's default handling-behavior-behavior","         */","            options = {};","            local.buildReadme(options, onError);","        };","","        local.testCase_buildTest_default = local.testCase_buildTest_default || function (","            options,","            onError","        ) {","        /*","         * this function will test buildTest's default handling-behavior","         */","            options = {};","            local.buildTest(options, onError);","        };","","        local.testCase_webpage_default = local.testCase_webpage_default || function (","            options,","            onError","        ) {","        /*","         * this function will test webpage's default handling-behavior","         */","            options = { modeCoverageMerge: true, url: local.serverLocalHost + '?modeTest=1' };","            local.browserTest(options, onError);","        };","","        // run test-server","        local.testRunServer(local);","        break;","    }","}());",""],"l":{"12":2,"14":2,"19":2,"21":2,"23":2,"24":2,"25":2,"30":1,"37":2,"40":2,"43":1,"47":1,"50":1,"52":1,"55":2,"61":2,"62":2,"64":2,"70":1,"76":1,"82":2,"83":2,"85":2,"91":1,"98":1,"102":1,"105":1,"112":1,"119":1,"120":1,"123":1,"130":1,"131":1,"132":1,"133":1,"134":1,"135":1,"138":1,"143":2,"144":2,"147":1,"154":2,"155":2,"158":1,"165":2,"166":2,"169":1,"176":2,"177":2,"180":1,"187":1,"188":1,"192":1,"193":1}},"/home/travis/build/npmtest/node-npmtest-inliner/lib.npmtest_inliner.js":{"path":"/home/travis/build/npmtest/node-npmtest-inliner/lib.npmtest_inliner.js","s":{"1":2,"2":2,"3":2,"4":2,"5":2,"6":2,"7":2,"8":1,"9":2,"10":2,"11":2,"12":2,"13":1,"14":1,"15":1,"16":1},"b":{"1":[2,1,1,1],"2":[1,1,1,1],"3":[1,1],"4":[2,2],"5":[1,1]},"f":{"1":2,"2":2,"3":2},"fnMap":{"1":{"name":"(anonymous_1)","line":12,"loc":{"start":{"line":12,"column":1},"end":{"line":12,"column":13}}},"2":{"name":"(anonymous_2)","line":19,"loc":{"start":{"line":19,"column":5},"end":{"line":19,"column":17}}},"3":{"name":"(anonymous_3)","line":23,"loc":{"start":{"line":23,"column":24},"end":{"line":23,"column":36}}}},"statementMap":{"1":{"start":{"line":12,"column":0},"end":{"line":53,"column":5}},"2":{"start":{"line":14,"column":4},"end":{"line":14,"column":14}},"3":{"start":{"line":19,"column":4},"end":{"line":52,"column":9}},"4":{"start":{"line":21,"column":8},"end":{"line":21,"column":19}},"5":{"start":{"line":23,"column":8},"end":{"line":35,"column":13}},"6":{"start":{"line":24,"column":12},"end":{"line":34,"column":13}},"7":{"start":{"line":25,"column":16},"end":{"line":28,"column":30}},"8":{"start":{"line":30,"column":16},"end":{"line":33,"column":27}},"9":{"start":{"line":37,"column":8},"end":{"line":39,"column":21}},"10":{"start":{"line":41,"column":8},"end":{"line":41,"column":54}},"11":{"start":{"line":43,"column":8},"end":{"line":43,"column":52}},"12":{"start":{"line":45,"column":8},"end":{"line":51,"column":9}},"13":{"start":{"line":46,"column":12},"end":{"line":46,"column":58}},"14":{"start":{"line":48,"column":12},"end":{"line":48,"column":35}},"15":{"start":{"line":49,"column":12},"end":{"line":49,"column":49}},"16":{"start":{"line":50,"column":12},"end":{"line":50,"column":43}}},"branchMap":{"1":{"line":25,"type":"binary-expr","locations":[{"start":{"line":25,"column":23},"end":{"line":25,"column":62}},{"start":{"line":26,"column":20},"end":{"line":26,"column":70}},{"start":{"line":27,"column":20},"end":{"line":27,"column":71}},{"start":{"line":28,"column":20},"end":{"line":28,"column":29}}]},"2":{"line":30,"type":"binary-expr","locations":[{"start":{"line":30,"column":23},"end":{"line":30,"column":37}},{"start":{"line":31,"column":20},"end":{"line":31,"column":61}},{"start":{"line":32,"column":20},"end":{"line":32,"column":70}},{"start":{"line":33,"column":20},"end":{"line":33,"column":26}}]},"3":{"line":37,"type":"cond-expr","locations":[{"start":{"line":38,"column":14},"end":{"line":38,"column":20}},{"start":{"line":39,"column":14},"end":{"line":39,"column":20}}]},"4":{"line":41,"type":"binary-expr","locations":[{"start":{"line":41,"column":16},"end":{"line":41,"column":44}},{"start":{"line":41,"column":48},"end":{"line":41,"column":53}}]},"5":{"line":45,"type":"if","locations":[{"start":{"line":45,"column":8},"end":{"line":45,"column":8}},{"start":{"line":45,"column":8},"end":{"line":45,"column":8}}]}},"code":["/* istanbul instrument in package npmtest_inliner */","/*jslint","    bitwise: true,","    browser: true,","    maxerr: 8,","    maxlen: 96,","    node: true,","    nomen: true,","    regexp: true,","    stupid: true","*/","(function () {","    'use strict';","    var local;","","","","    // run shared js-env code - init-before","    (function () {","        // init local","        local = {};","        // init modeJs","        local.modeJs = (function () {","            try {","                return typeof navigator.userAgent === 'string' &&","                    typeof document.querySelector('body') === 'object' &&","                    typeof XMLHttpRequest.prototype.open === 'function' &&","                    'browser';","            } catch (errorCaughtBrowser) {","                return module.exports &&","                    typeof process.versions.node === 'string' &&","                    typeof require('http').createServer === 'function' &&","                    'node';","            }","        }());","        // init global","        local.global = local.modeJs === 'browser'","            ? window","            : global;","        // init utility2_rollup","        local = local.global.utility2_rollup || local;","        // init lib","        local.local = local.npmtest_inliner = local;","        // init exports","        if (local.modeJs === 'browser') {","            local.global.utility2_npmtest_inliner = local;","        } else {","            module.exports = local;","            module.exports.__dirname = __dirname;","            module.exports.module = module;","        }","    }());","}());",""],"l":{"12":2,"14":2,"19":2,"21":2,"23":2,"24":2,"25":2,"30":1,"37":2,"41":2,"43":2,"45":2,"46":1,"48":1,"49":1,"50":1}},"/home/travis/build/npmtest/node-npmtest-inliner/example.js":{"path":"/home/travis/build/npmtest/node-npmtest-inliner/example.js","s":{"1":2,"2":2,"3":2,"4":2,"5":2,"6":2,"7":2,"8":1,"9":2,"10":2,"11":2,"12":2,"13":1,"14":2,"15":2,"16":2,"17":2,"18":2,"19":0,"20":2,"21":1,"22":1,"23":1,"24":1,"25":1,"26":0,"27":0,"28":1,"29":1,"30":2,"31":0,"32":0,"33":0,"34":1,"35":2,"36":2,"37":3,"38":3,"39":3,"40":3,"41":0,"42":3,"43":3,"44":3,"45":1,"46":3,"47":1,"48":1,"49":1,"50":1,"51":1,"52":1,"53":1,"54":1,"55":1,"56":1,"57":0,"58":1,"59":6,"60":6,"61":1,"62":2,"63":0,"64":2,"65":1,"66":1,"67":0,"68":0,"69":0,"70":0,"71":0,"72":0,"73":0,"74":0,"75":0,"76":0,"77":0,"78":0,"79":0,"80":0,"81":0,"82":0,"83":0},"b":{"1":[2,1,1,1],"2":[1,1,1,1],"3":[1,1],"4":[2,2],"5":[1,1],"6":[1,1],"7":[2,0],"8":[2,1,1,1,1,1],"9":[0,2,0],"10":[1,1],"11":[2,1,1],"12":[1,0],"13":[0,2],"14":[2,0,0,0,0,0,0],"15":[0,3],"16":[3,0],"17":[1,1],"18":[0,1],"19":[1,2,0,2],"20":[1,0],"21":[1,1],"22":[0,0],"23":[0,0],"24":[0,0],"25":[0,0],"26":[0,0],"27":[0,0],"28":[0,0]},"f":{"1":2,"2":2,"3":2,"4":2,"5":2,"6":2,"7":3,"8":3,"9":3,"10":1,"11":6,"12":0},"fnMap":{"1":{"name":"(anonymous_1)","line":26,"loc":{"start":{"line":26,"column":1},"end":{"line":26,"column":13}}},"2":{"name":"(anonymous_2)","line":33,"loc":{"start":{"line":33,"column":5},"end":{"line":33,"column":17}}},"3":{"name":"(anonymous_3)","line":37,"loc":{"start":{"line":37,"column":24},"end":{"line":37,"column":36}}},"4":{"name":"(anonymous_4)","line":69,"loc":{"start":{"line":69,"column":31},"end":{"line":69,"column":48}},"skip":true},"5":{"name":"(anonymous_5)","line":78,"loc":{"start":{"line":78,"column":26},"end":{"line":78,"column":45}},"skip":true},"6":{"name":"(anonymous_6)","line":123,"loc":{"start":{"line":123,"column":33},"end":{"line":123,"column":48}},"skip":true},"7":{"name":"(anonymous_7)","line":125,"loc":{"start":{"line":125,"column":27},"end":{"line":125,"column":39}},"skip":true},"8":{"name":"(anonymous_8)","line":133,"loc":{"start":{"line":133,"column":59},"end":{"line":133,"column":74}},"skip":true},"9":{"name":"(anonymous_9)","line":143,"loc":{"start":{"line":143,"column":45},"end":{"line":143,"column":62}},"skip":true},"10":{"name":"(anonymous_10)","line":144,"loc":{"start":{"line":144,"column":73},"end":{"line":144,"column":92}},"skip":true},"11":{"name":"(anonymous_11)","line":272,"loc":{"start":{"line":272,"column":51},"end":{"line":272,"column":77}},"skip":true},"12":{"name":"(anonymous_12)","line":315,"loc":{"start":{"line":315,"column":32},"end":{"line":315,"column":61}},"skip":true}},"statementMap":{"1":{"start":{"line":26,"column":0},"end":{"line":326,"column":5}},"2":{"start":{"line":28,"column":4},"end":{"line":28,"column":14}},"3":{"start":{"line":33,"column":4},"end":{"line":60,"column":9}},"4":{"start":{"line":35,"column":8},"end":{"line":35,"column":19}},"5":{"start":{"line":37,"column":8},"end":{"line":49,"column":13}},"6":{"start":{"line":38,"column":12},"end":{"line":48,"column":13}},"7":{"start":{"line":39,"column":16},"end":{"line":42,"column":30}},"8":{"start":{"line":44,"column":16},"end":{"line":47,"column":27}},"9":{"start":{"line":51,"column":8},"end":{"line":53,"column":21}},"10":{"start":{"line":55,"column":8},"end":{"line":57,"column":45}},"11":{"start":{"line":59,"column":8},"end":{"line":59,"column":35}},"12":{"start":{"line":61,"column":4},"end":{"line":325,"column":5}},"13":{"start":{"line":69,"column":8},"end":{"line":121,"column":10},"skip":true},"14":{"start":{"line":70,"column":12},"end":{"line":88,"column":13},"skip":true},"15":{"start":{"line":76,"column":16},"end":{"line":87,"column":19},"skip":true},"16":{"start":{"line":79,"column":20},"end":{"line":86,"column":21},"skip":true},"17":{"start":{"line":82,"column":24},"end":{"line":82,"column":43},"skip":true},"18":{"start":{"line":83,"column":24},"end":{"line":83,"column":30},"skip":true},"19":{"start":{"line":85,"column":24},"end":{"line":85,"column":49},"skip":true},"20":{"start":{"line":89,"column":12},"end":{"line":107,"column":13},"skip":true},"21":{"start":{"line":92,"column":16},"end":{"line":102,"column":17},"skip":true},"22":{"start":{"line":93,"column":20},"end":{"line":93,"column":86},"skip":true},"23":{"start":{"line":94,"column":20},"end":{"line":95,"column":45},"skip":true},"24":{"start":{"line":96,"column":20},"end":{"line":96,"column":42},"skip":true},"25":{"start":{"line":97,"column":20},"end":{"line":97,"column":48},"skip":true},"26":{"start":{"line":100,"column":20},"end":{"line":100,"column":85},"skip":true},"27":{"start":{"line":101,"column":20},"end":{"line":101,"column":96},"skip":true},"28":{"start":{"line":103,"column":16},"end":{"line":103,"column":22},"skip":true},"29":{"start":{"line":106,"column":16},"end":{"line":106,"column":22},"skip":true},"30":{"start":{"line":108,"column":12},"end":{"line":120,"column":13},"skip":true},"31":{"start":{"line":114,"column":16},"end":{"line":119,"column":17},"skip":true},"32":{"start":{"line":116,"column":20},"end":{"line":116,"column":78},"skip":true},"33":{"start":{"line":118,"column":20},"end":{"line":118,"column":47},"skip":true},"34":{"start":{"line":123,"column":8},"end":{"line":141,"column":11},"skip":true},"35":{"start":{"line":124,"column":12},"end":{"line":124,"column":54},"skip":true},"36":{"start":{"line":125,"column":12},"end":{"line":140,"column":14},"skip":true},"37":{"start":{"line":126,"column":16},"end":{"line":126,"column":28},"skip":true},"38":{"start":{"line":127,"column":16},"end":{"line":127,"column":69},"skip":true},"39":{"start":{"line":128,"column":16},"end":{"line":128,"column":75},"skip":true},"40":{"start":{"line":129,"column":16},"end":{"line":131,"column":17},"skip":true},"41":{"start":{"line":130,"column":20},"end":{"line":130,"column":27},"skip":true},"42":{"start":{"line":133,"column":16},"end":{"line":137,"column":36},"skip":true},"43":{"start":{"line":134,"column":20},"end":{"line":136,"column":55},"skip":true},"44":{"start":{"line":139,"column":16},"end":{"line":139,"column":57},"skip":true},"45":{"start":{"line":143,"column":8},"end":{"line":147,"column":11},"skip":true},"46":{"start":{"line":144,"column":12},"end":{"line":146,"column":15},"skip":true},"47":{"start":{"line":145,"column":16},"end":{"line":145,"column":70},"skip":true},"48":{"start":{"line":149,"column":8},"end":{"line":149,"column":31},"skip":true},"49":{"start":{"line":150,"column":8},"end":{"line":150,"column":14},"skip":true},"50":{"start":{"line":158,"column":8},"end":{"line":158,"column":31},"skip":true},"51":{"start":{"line":160,"column":8},"end":{"line":160,"column":33},"skip":true},"52":{"start":{"line":161,"column":8},"end":{"line":161,"column":37},"skip":true},"53":{"start":{"line":162,"column":8},"end":{"line":162,"column":35},"skip":true},"54":{"start":{"line":164,"column":8},"end":{"line":164,"column":50},"skip":true},"55":{"start":{"line":166,"column":8},"end":{"line":256,"column":2},"skip":true},"56":{"start":{"line":258,"column":8},"end":{"line":286,"column":9},"skip":true},"57":{"start":{"line":259,"column":12},"end":{"line":269,"column":14},"skip":true},"58":{"start":{"line":271,"column":12},"end":{"line":285,"column":19},"skip":true},"59":{"start":{"line":274,"column":20},"end":{"line":274,"column":35},"skip":true},"60":{"start":{"line":275,"column":20},"end":{"line":284,"column":21},"skip":true},"61":{"start":{"line":277,"column":24},"end":{"line":277,"column":64},"skip":true},"62":{"start":{"line":279,"column":24},"end":{"line":279,"column":40},"skip":true},"63":{"start":{"line":281,"column":24},"end":{"line":281,"column":40},"skip":true},"64":{"start":{"line":283,"column":24},"end":{"line":283,"column":39},"skip":true},"65":{"start":{"line":288,"column":8},"end":{"line":290,"column":9},"skip":true},"66":{"start":{"line":289,"column":12},"end":{"line":289,"column":18},"skip":true},"67":{"start":{"line":291,"column":8},"end":{"line":293,"column":54},"skip":true},"68":{"start":{"line":296,"column":8},"end":{"line":301,"column":37},"skip":true},"69":{"start":{"line":303,"column":8},"end":{"line":303,"column":82},"skip":true},"70":{"start":{"line":306,"column":8},"end":{"line":308,"column":9},"skip":true},"71":{"start":{"line":307,"column":12},"end":{"line":307,"column":82},"skip":true},"72":{"start":{"line":310,"column":8},"end":{"line":312,"column":9},"skip":true},"73":{"start":{"line":311,"column":12},"end":{"line":311,"column":18},"skip":true},"74":{"start":{"line":313,"column":8},"end":{"line":313,"column":54},"skip":true},"75":{"start":{"line":314,"column":8},"end":{"line":314,"column":69},"skip":true},"76":{"start":{"line":315,"column":8},"end":{"line":323,"column":36},"skip":true},"77":{"start":{"line":316,"column":12},"end":{"line":316,"column":61},"skip":true},"78":{"start":{"line":317,"column":12},"end":{"line":320,"column":13},"skip":true},"79":{"start":{"line":318,"column":16},"end":{"line":318,"column":75},"skip":true},"80":{"start":{"line":319,"column":16},"end":{"line":319,"column":23},"skip":true},"81":{"start":{"line":321,"column":12},"end":{"line":321,"column":38},"skip":true},"82":{"start":{"line":322,"column":12},"end":{"line":322,"column":27},"skip":true},"83":{"start":{"line":324,"column":8},"end":{"line":324,"column":14},"skip":true}},"branchMap":{"1":{"line":39,"type":"binary-expr","locations":[{"start":{"line":39,"column":23},"end":{"line":39,"column":62}},{"start":{"line":40,"column":20},"end":{"line":40,"column":70}},{"start":{"line":41,"column":20},"end":{"line":41,"column":71}},{"start":{"line":42,"column":20},"end":{"line":42,"column":29}}]},"2":{"line":44,"type":"binary-expr","locations":[{"start":{"line":44,"column":23},"end":{"line":44,"column":37}},{"start":{"line":45,"column":20},"end":{"line":45,"column":61}},{"start":{"line":46,"column":20},"end":{"line":46,"column":70}},{"start":{"line":47,"column":20},"end":{"line":47,"column":26}}]},"3":{"line":51,"type":"cond-expr","locations":[{"start":{"line":52,"column":14},"end":{"line":52,"column":20}},{"start":{"line":53,"column":14},"end":{"line":53,"column":20}}]},"4":{"line":55,"type":"binary-expr","locations":[{"start":{"line":55,"column":16},"end":{"line":55,"column":44}},{"start":{"line":55,"column":49},"end":{"line":57,"column":43}}]},"5":{"line":55,"type":"cond-expr","locations":[{"start":{"line":56,"column":14},"end":{"line":56,"column":51}},{"start":{"line":57,"column":14},"end":{"line":57,"column":43}}]},"6":{"line":61,"type":"switch","locations":[{"start":{"line":68,"column":4},"end":{"line":150,"column":14},"skip":true},{"start":{"line":156,"column":4},"end":{"line":324,"column":14},"skip":true}]},"7":{"line":70,"type":"if","locations":[{"start":{"line":70,"column":12},"end":{"line":70,"column":12},"skip":true},{"start":{"line":70,"column":12},"end":{"line":70,"column":12},"skip":true}]},"8":{"line":70,"type":"binary-expr","locations":[{"start":{"line":70,"column":16},"end":{"line":70,"column":22},"skip":true},{"start":{"line":70,"column":27},"end":{"line":70,"column":32},"skip":true},{"start":{"line":71,"column":20},"end":{"line":71,"column":39},"skip":true},{"start":{"line":72,"column":20},"end":{"line":72,"column":49},"skip":true},{"start":{"line":73,"column":20},"end":{"line":73,"column":58},"skip":true},{"start":{"line":74,"column":20},"end":{"line":74,"column":69},"skip":true}]},"9":{"line":79,"type":"switch","locations":[{"start":{"line":80,"column":20},"end":{"line":80,"column":33},"skip":true},{"start":{"line":81,"column":20},"end":{"line":83,"column":30},"skip":true},{"start":{"line":84,"column":20},"end":{"line":85,"column":49},"skip":true}]},"10":{"line":89,"type":"switch","locations":[{"start":{"line":90,"column":12},"end":{"line":103,"column":22},"skip":true},{"start":{"line":105,"column":12},"end":{"line":106,"column":22},"skip":true}]},"11":{"line":89,"type":"binary-expr","locations":[{"start":{"line":89,"column":20},"end":{"line":89,"column":25},"skip":true},{"start":{"line":89,"column":29},"end":{"line":89,"column":48},"skip":true},{"start":{"line":89,"column":52},"end":{"line":89,"column":74},"skip":true}]},"12":{"line":92,"type":"if","locations":[{"start":{"line":92,"column":16},"end":{"line":92,"column":16},"skip":true},{"start":{"line":92,"column":16},"end":{"line":92,"column":16},"skip":true}]},"13":{"line":108,"type":"if","locations":[{"start":{"line":108,"column":12},"end":{"line":108,"column":12},"skip":true},{"start":{"line":108,"column":12},"end":{"line":108,"column":12},"skip":true}]},"14":{"line":108,"type":"binary-expr","locations":[{"start":{"line":108,"column":16},"end":{"line":108,"column":61},"skip":true},{"start":{"line":108,"column":66},"end":{"line":108,"column":72},"skip":true},{"start":{"line":108,"column":77},"end":{"line":108,"column":82},"skip":true},{"start":{"line":109,"column":20},"end":{"line":109,"column":39},"skip":true},{"start":{"line":110,"column":20},"end":{"line":110,"column":49},"skip":true},{"start":{"line":111,"column":20},"end":{"line":111,"column":58},"skip":true},{"start":{"line":112,"column":20},"end":{"line":112,"column":68},"skip":true}]},"15":{"line":129,"type":"if","locations":[{"start":{"line":129,"column":16},"end":{"line":129,"column":16},"skip":true},{"start":{"line":129,"column":16},"end":{"line":129,"column":16},"skip":true}]},"16":{"line":134,"type":"cond-expr","locations":[{"start":{"line":135,"column":26},"end":{"line":135,"column":29},"skip":true},{"start":{"line":136,"column":26},"end":{"line":136,"column":54},"skip":true}]},"17":{"line":164,"type":"binary-expr","locations":[{"start":{"line":164,"column":27},"end":{"line":164,"column":43},"skip":true},{"start":{"line":164,"column":47},"end":{"line":164,"column":49},"skip":true}]},"18":{"line":258,"type":"if","locations":[{"start":{"line":258,"column":8},"end":{"line":258,"column":8},"skip":true},{"start":{"line":258,"column":8},"end":{"line":258,"column":8},"skip":true}]},"19":{"line":275,"type":"switch","locations":[{"start":{"line":276,"column":20},"end":{"line":277,"column":64},"skip":true},{"start":{"line":278,"column":20},"end":{"line":279,"column":40},"skip":true},{"start":{"line":280,"column":20},"end":{"line":281,"column":40},"skip":true},{"start":{"line":282,"column":20},"end":{"line":283,"column":39},"skip":true}]},"20":{"line":288,"type":"if","locations":[{"start":{"line":288,"column":8},"end":{"line":288,"column":8},"skip":true},{"start":{"line":288,"column":8},"end":{"line":288,"column":8},"skip":true}]},"21":{"line":288,"type":"binary-expr","locations":[{"start":{"line":288,"column":12},"end":{"line":288,"column":40},"skip":true},{"start":{"line":288,"column":44},"end":{"line":288,"column":67},"skip":true}]},"22":{"line":292,"type":"binary-expr","locations":[{"start":{"line":292,"column":12},"end":{"line":292,"column":50},"skip":true},{"start":{"line":293,"column":12},"end":{"line":293,"column":53},"skip":true}]},"23":{"line":297,"type":"binary-expr","locations":[{"start":{"line":297,"column":12},"end":{"line":297,"column":65},"skip":true},{"start":{"line":298,"column":12},"end":{"line":301,"column":36},"skip":true}]},"24":{"line":303,"type":"binary-expr","locations":[{"start":{"line":303,"column":43},"end":{"line":303,"column":75},"skip":true},{"start":{"line":303,"column":79},"end":{"line":303,"column":81},"skip":true}]},"25":{"line":306,"type":"if","locations":[{"start":{"line":306,"column":8},"end":{"line":306,"column":8},"skip":true},{"start":{"line":306,"column":8},"end":{"line":306,"column":8},"skip":true}]},"26":{"line":310,"type":"if","locations":[{"start":{"line":310,"column":8},"end":{"line":310,"column":8},"skip":true},{"start":{"line":310,"column":8},"end":{"line":310,"column":8},"skip":true}]},"27":{"line":313,"type":"binary-expr","locations":[{"start":{"line":313,"column":27},"end":{"line":313,"column":43},"skip":true},{"start":{"line":313,"column":47},"end":{"line":313,"column":53},"skip":true}]},"28":{"line":317,"type":"if","locations":[{"start":{"line":317,"column":12},"end":{"line":317,"column":12},"skip":true},{"start":{"line":317,"column":12},"end":{"line":317,"column":12},"skip":true}]}},"code":["/*","example.js","","quickstart example","","instruction","    1. save this script as example.js","    2. run the shell command:","        $ npm install npmtest-inliner && PORT=8081 node example.js","    3. play with the browser-demo on http://127.0.0.1:8081","*/","","","","/* istanbul instrument in package npmtest_inliner */","/*jslint","    bitwise: true,","    browser: true,","    maxerr: 8,","    maxlen: 96,","    node: true,","    nomen: true,","    regexp: true,","    stupid: true","*/","(function () {","    'use strict';","    var local;","","","","    // run shared js-env code - init-before","    (function () {","        // init local","        local = {};","        // init modeJs","        local.modeJs = (function () {","            try {","                return typeof navigator.userAgent === 'string' &&","                    typeof document.querySelector('body') === 'object' &&","                    typeof XMLHttpRequest.prototype.open === 'function' &&","                    'browser';","            } catch (errorCaughtBrowser) {","                return module.exports &&","                    typeof process.versions.node === 'string' &&","                    typeof require('http').createServer === 'function' &&","                    'node';","            }","        }());","        // init global","        local.global = local.modeJs === 'browser'","            ? window","            : global;","        // init utility2_rollup","        local = local.global.utility2_rollup || (local.modeJs === 'browser'","            ? local.global.utility2_npmtest_inliner","            : global.utility2_moduleExports);","        // export local","        local.global.local = local;","    }());","    switch (local.modeJs) {","","","","    // init-after","    // run browser js-env code - init-after","    /* istanbul ignore next */","    case 'browser':","        local.testRunBrowser = function (event) {","            if (!event || (event &&","                    event.currentTarget &&","                    event.currentTarget.className &&","                    event.currentTarget.className.includes &&","                    event.currentTarget.className.includes('onreset'))) {","                // reset output","                Array.from(","                    document.querySelectorAll('body > .resettable')","                ).forEach(function (element) {","                    switch (element.tagName) {","                    case 'INPUT':","                    case 'TEXTAREA':","                        element.value = '';","                        break;","                    default:","                        element.textContent = '';","                    }","                });","            }","            switch (event && event.currentTarget && event.currentTarget.id) {","            case 'testRunButton1':","                // show tests","                if (document.querySelector('#testReportDiv1').style.display === 'none') {","                    document.querySelector('#testReportDiv1').style.display = 'block';","                    document.querySelector('#testRunButton1').textContent =","                        'hide internal test';","                    local.modeTest = true;","                    local.testRunDefault(local);","                // hide tests","                } else {","                    document.querySelector('#testReportDiv1').style.display = 'none';","                    document.querySelector('#testRunButton1').textContent = 'run internal test';","                }","                break;","            // custom-case","            default:","                break;","            }","            if (document.querySelector('#inputTextareaEval1') && (!event || (event &&","                    event.currentTarget &&","                    event.currentTarget.className &&","                    event.currentTarget.className.includes &&","                    event.currentTarget.className.includes('oneval')))) {","                // try to eval input-code","                try {","                    /*jslint evil: true*/","                    eval(document.querySelector('#inputTextareaEval1').value);","                } catch (errorCaught) {","                    console.error(errorCaught);","                }","            }","        };","        // log stderr and stdout to #outputTextareaStdout1","        ['error', 'log'].forEach(function (key) {","            console[key + '_original'] = console[key];","            console[key] = function () {","                var element;","                console[key + '_original'].apply(console, arguments);","                element = document.querySelector('#outputTextareaStdout1');","                if (!element) {","                    return;","                }","                // append text to #outputTextareaStdout1","                element.value += Array.from(arguments).map(function (arg) {","                    return typeof arg === 'string'","                        ? arg","                        : JSON.stringify(arg, null, 4);","                }).join(' ') + '\\n';","                // scroll textarea to bottom","                element.scrollTop = element.scrollHeight;","            };","        });","        // init event-handling","        ['change', 'click', 'keyup'].forEach(function (event) {","            Array.from(document.querySelectorAll('.on' + event)).forEach(function (element) {","                element.addEventListener(event, local.testRunBrowser);","            });","        });","        // run tests","        local.testRunBrowser();","        break;","","","","    // run node js-env code - init-after","    /* istanbul ignore next */","    case 'node':","        // export local","        module.exports = local;","        // require modules","        local.fs = require('fs');","        local.http = require('http');","        local.url = require('url');","        // init assets","        local.assetsDict = local.assetsDict || {};","        /* jslint-ignore-begin */","        local.assetsDict['/assets.index.template.html'] = '\\","<!doctype html>\\n\\","<html lang=\"en\">\\n\\","<head>\\n\\","<meta charset=\"UTF-8\">\\n\\","<meta name=\"viewport\" content=\"width=device-width, initial-scale=1\">\\n\\","<title>{{env.npm_package_name}} (v{{env.npm_package_version}})</title>\\n\\","<style>\\n\\","/*csslint\\n\\","    box-sizing: false,\\n\\","    universal-selector: false\\n\\","*/\\n\\","* {\\n\\","    box-sizing: border-box;\\n\\","}\\n\\","body {\\n\\","    background: #dde;\\n\\","    font-family: Arial, Helvetica, sans-serif;\\n\\","    margin: 2rem;\\n\\","}\\n\\","body > * {\\n\\","    margin-bottom: 1rem;\\n\\","}\\n\\",".utility2FooterDiv {\\n\\","    margin-top: 20px;\\n\\","    text-align: center;\\n\\","}\\n\\","</style>\\n\\","<style>\\n\\","/*csslint\\n\\","*/\\n\\","textarea {\\n\\","    font-family: monospace;\\n\\","    height: 10rem;\\n\\","    width: 100%;\\n\\","}\\n\\","textarea[readonly] {\\n\\","    background: #ddd;\\n\\","}\\n\\","</style>\\n\\","</head>\\n\\","<body>\\n\\","<!-- utility2-comment\\n\\","<div id=\"ajaxProgressDiv1\" style=\"background: #d00; height: 2px; left: 0; margin: 0; padding: 0; position: fixed; top: 0; transition: background 0.5s, width 1.5s; width: 25%;\"></div>\\n\\","utility2-comment -->\\n\\","<h1>\\n\\","<!-- utility2-comment\\n\\","    <a\\n\\","        {{#if env.npm_package_homepage}}\\n\\","        href=\"{{env.npm_package_homepage}}\"\\n\\","        {{/if env.npm_package_homepage}}\\n\\","        target=\"_blank\"\\n\\","    >\\n\\","utility2-comment -->\\n\\","        {{env.npm_package_name}} (v{{env.npm_package_version}})\\n\\","<!-- utility2-comment\\n\\","    </a>\\n\\","utility2-comment -->\\n\\","</h1>\\n\\","<h3>{{env.npm_package_description}}</h3>\\n\\","<!-- utility2-comment\\n\\","<h4><a download href=\"assets.app.js\">download standalone app</a></h4>\\n\\","<button class=\"onclick onreset\" id=\"testRunButton1\">run internal test</button><br>\\n\\","<div id=\"testReportDiv1\" style=\"display: none;\"></div>\\n\\","utility2-comment -->\\n\\","\\n\\","\\n\\","\\n\\","<label>stderr and stdout</label>\\n\\","<textarea class=\"resettable\" id=\"outputTextareaStdout1\" readonly></textarea>\\n\\","<!-- utility2-comment\\n\\","{{#if isRollup}}\\n\\","<script src=\"assets.app.js\"></script>\\n\\","{{#unless isRollup}}\\n\\","utility2-comment -->\\n\\","<script src=\"assets.utility2.rollup.js\"></script>\\n\\","<script src=\"jsonp.utility2._stateInit?callback=window.utility2._stateInit\"></script>\\n\\","<script src=\"assets.npmtest_inliner.rollup.js\"></script>\\n\\","<script src=\"assets.example.js\"></script>\\n\\","<script src=\"assets.test.js\"></script>\\n\\","<!-- utility2-comment\\n\\","{{/if isRollup}}\\n\\","utility2-comment -->\\n\\","<div class=\"utility2FooterDiv\">\\n\\","    [ this app was created with\\n\\","    <a href=\"https://github.com/kaizhu256/node-utility2\" target=\"_blank\">utility2</a>\\n\\","    ]\\n\\","</div>\\n\\","</body>\\n\\","</html>\\n\\","';","        /* jslint-ignore-end */","        if (local.templateRender) {","            local.assetsDict['/'] = local.templateRender(","                local.assetsDict['/assets.index.template.html'],","                {","                    env: local.objectSetDefault(local.env, {","                        npm_package_description: 'the greatest app in the world!',","                        npm_package_name: 'my-app',","                        npm_package_nameAlias: 'my_app',","                        npm_package_version: '0.0.1'","                    })","                }","            );","        } else {","            local.assetsDict['/'] = local.assetsDict['/assets.index.template.html']","                .replace((/\\{\\{env\\.(\\w+?)\\}\\}/g), function (match0, match1) {","                    // jslint-hack","                    String(match0);","                    switch (match1) {","                    case 'npm_package_description':","                        return 'the greatest app in the world!';","                    case 'npm_package_name':","                        return 'my-app';","                    case 'npm_package_nameAlias':","                        return 'my_app';","                    case 'npm_package_version':","                        return '0.0.1';","                    }","                });","        }","        // run the cli","        if (local.global.utility2_rollup || module !== require.main) {","            break;","        }","        local.assetsDict['/assets.example.js'] =","            local.assetsDict['/assets.example.js'] ||","            local.fs.readFileSync(__filename, 'utf8');","        // bug-workaround - long $npm_package_buildCustomOrg","        /* jslint-ignore-begin */","        local.assetsDict['/assets.npmtest_inliner.rollup.js'] =","            local.assetsDict['/assets.npmtest_inliner.rollup.js'] ||","            local.fs.readFileSync(","                local.npmtest_inliner.__dirname + '/lib.npmtest_inliner.js',","                'utf8'","            ).replace((/^#!/), '//');","        /* jslint-ignore-end */","        local.assetsDict['/favicon.ico'] = local.assetsDict['/favicon.ico'] || '';","        // if $npm_config_timeout_exit exists,","        // then exit this process after $npm_config_timeout_exit ms","        if (Number(process.env.npm_config_timeout_exit)) {","            setTimeout(process.exit, Number(process.env.npm_config_timeout_exit));","        }","        // start server","        if (local.global.utility2_serverHttp1) {","            break;","        }","        process.env.PORT = process.env.PORT || '8081';","        console.error('server starting on port ' + process.env.PORT);","        local.http.createServer(function (request, response) {","            request.urlParsed = local.url.parse(request.url);","            if (local.assetsDict[request.urlParsed.pathname] !== undefined) {","                response.end(local.assetsDict[request.urlParsed.pathname]);","                return;","            }","            response.statusCode = 404;","            response.end();","        }).listen(process.env.PORT);","        break;","    }","}());",""],"l":{"26":2,"28":2,"33":2,"35":2,"37":2,"38":2,"39":2,"44":1,"51":2,"55":2,"59":2,"61":2,"69":1,"70":2,"76":2,"79":2,"82":2,"83":2,"85":1,"89":2,"92":1,"93":1,"94":1,"96":1,"97":1,"100":1,"101":1,"103":1,"106":1,"108":2,"114":1,"116":1,"118":1,"123":1,"124":2,"125":2,"126":3,"127":3,"128":3,"129":3,"130":1,"133":3,"134":3,"139":3,"143":1,"144":3,"145":1,"149":1,"150":1,"158":1,"160":1,"161":1,"162":1,"164":1,"166":1,"258":1,"259":1,"271":1,"274":6,"275":6,"277":1,"279":2,"281":1,"283":2,"288":1,"289":1,"291":1,"296":1,"303":1,"306":1,"307":1,"310":1,"311":1,"313":1,"314":1,"315":1,"316":1,"317":1,"318":1,"319":1,"321":1,"322":1,"324":1}},"/home/travis/build/npmtest/node-npmtest-inliner/node_modules/inliner/lib/index.js":{"path":"/home/travis/build/npmtest/node-npmtest-inliner/node_modules/inliner/lib/index.js","s":{"1":1,"2":1,"3":1,"4":1,"5":1,"6":1,"7":1,"8":1,"9":1,"10":1,"11":1,"12":1,"13":1,"14":1,"15":1,"16":1,"17":9,"18":8,"19":9,"20":1,"21":1,"22":1,"23":1,"24":1,"25":1,"26":1,"27":0,"28":0,"29":1,"30":1,"31":1,"32":0,"33":1,"34":0,"35":1,"36":0,"37":1,"38":1,"39":0,"40":0,"41":1,"42":0,"43":1,"44":0,"45":0,"46":0,"47":0,"48":0,"49":0,"50":0,"51":0,"52":1,"53":0,"54":0,"55":0,"56":0,"57":0,"58":1,"59":1,"60":0,"61":0,"62":0,"63":1,"64":1,"65":1,"66":9,"67":9,"68":1,"69":1,"70":0,"71":1,"72":0,"73":0,"74":0,"75":0,"76":0,"77":0,"78":1,"79":1,"80":1,"81":1,"82":1,"83":1,"84":1,"85":1,"86":1,"87":1,"88":1,"89":1,"90":1,"91":1,"92":1,"93":1,"94":1,"95":1,"96":0,"97":0,"98":0,"99":0,"100":0,"101":0,"102":0,"103":0,"104":0,"105":0,"106":0,"107":0,"108":0,"109":0,"110":0,"111":0,"112":0,"113":0,"114":0,"115":0,"116":0,"117":0,"118":0,"119":0,"120":0,"121":0,"122":0,"123":0,"124":0,"125":0,"126":0,"127":0,"128":0,"129":0,"130":0,"131":0,"132":0,"133":0,"134":0,"135":0,"136":0,"137":0,"138":0,"139":0,"140":0,"141":0,"142":0,"143":0,"144":0,"145":0,"146":0,"147":0,"148":0,"149":0,"150":0,"151":0,"152":0,"153":0,"154":0,"155":0,"156":0,"157":0,"158":0,"159":0,"160":0,"161":0,"162":0,"163":0,"164":0,"165":0,"166":0,"167":0,"168":0,"169":0,"170":0,"171":0,"172":0,"173":0,"174":0,"175":0,"176":0,"177":0,"178":0,"179":0,"180":0,"181":0,"182":1,"183":0,"184":0,"185":0,"186":0,"187":0,"188":0,"189":0,"190":0,"191":0,"192":1,"193":0,"194":0,"195":0,"196":0,"197":0,"198":0,"199":0,"200":0,"201":0,"202":0,"203":0,"204":0,"205":0,"206":1,"207":0,"208":0,"209":0,"210":0,"211":0,"212":0,"213":0,"214":0,"215":1,"216":0,"217":0,"218":0,"219":0,"220":0,"221":0,"222":1,"223":0,"224":0,"225":0},"b":{"1":[8,1],"2":[1,0],"3":[0,1],"4":[1,0],"5":[0,1],"6":[0,1],"7":[0,1],"8":[0,1],"9":[0,1],"10":[1,0],"11":[0,1],"12":[1,0],"13":[0,0],"14":[0,1],"15":[1,0],"16":[1,1],"17":[1,1],"18":[0,1],"19":[0,0],"20":[0,0],"21":[0,0],"22":[0,0],"23":[0,0],"24":[0,0],"25":[0,0],"26":[0,0],"27":[0,0],"28":[0,0],"29":[0,0],"30":[0,0],"31":[0,0],"32":[0,0],"33":[0,0],"34":[0,0],"35":[0,0],"36":[0,0],"37":[0,0],"38":[0,0],"39":[0,0],"40":[0,0],"41":[0,0],"42":[0,0],"43":[0,0],"44":[0,0],"45":[0,0],"46":[0,0],"47":[0,0],"48":[0,0],"49":[0,0],"50":[0,0,0],"51":[0,0],"52":[0,0],"53":[0,0],"54":[0,0],"55":[0,0],"56":[0,0],"57":[0,0],"58":[0,0],"59":[0,0]},"f":{"1":9,"2":1,"3":0,"4":0,"5":0,"6":0,"7":0,"8":9,"9":0,"10":0,"11":0,"12":0,"13":0,"14":0,"15":0,"16":0,"17":0,"18":0,"19":0,"20":0,"21":0,"22":0,"23":0,"24":0,"25":0,"26":0,"27":0,"28":0,"29":0,"30":0},"fnMap":{"1":{"name":"(anonymous_1)","line":29,"loc":{"start":{"line":29,"column":43},"end":{"line":29,"column":64}}},"2":{"name":"Inliner","line":37,"loc":{"start":{"line":37,"column":0},"end":{"line":37,"column":44}}},"3":{"name":"(anonymous_3)","line":82,"loc":{"start":{"line":82,"column":45},"end":{"line":82,"column":66}}},"4":{"name":"(anonymous_4)","line":84,"loc":{"start":{"line":84,"column":40},"end":{"line":84,"column":53}}},"5":{"name":"(anonymous_5)","line":98,"loc":{"start":{"line":98,"column":45},"end":{"line":98,"column":66}}},"6":{"name":"wrapper","line":108,"loc":{"start":{"line":108,"column":18},"end":{"line":108,"column":47}}},"7":{"name":"noop","line":110,"loc":{"start":{"line":110,"column":23},"end":{"line":110,"column":39}}},"8":{"name":"(anonymous_8)","line":126,"loc":{"start":{"line":126,"column":39},"end":{"line":126,"column":54}}},"9":{"name":"localErrorHandler","line":133,"loc":{"start":{"line":133,"column":19},"end":{"line":133,"column":53}}},"10":{"name":"setImmediatePolyfill","line":141,"loc":{"start":{"line":141,"column":28},"end":{"line":141,"column":62}}},"11":{"name":"(anonymous_11)","line":146,"loc":{"start":{"line":146,"column":31},"end":{"line":146,"column":50}}},"12":{"name":"(anonymous_12)","line":147,"loc":{"start":{"line":147,"column":26},"end":{"line":147,"column":38}}},"13":{"name":"main","line":177,"loc":{"start":{"line":177,"column":0},"end":{"line":177,"column":16}}},"14":{"name":"exists","line":182,"loc":{"start":{"line":182,"column":8},"end":{"line":182,"column":32}}},"15":{"name":"isUrl","line":193,"loc":{"start":{"line":193,"column":9},"end":{"line":193,"column":26}}},"16":{"name":"processHTML","line":221,"loc":{"start":{"line":221,"column":8},"end":{"line":221,"column":34}}},"17":{"name":"charMeta","line":269,"loc":{"start":{"line":269,"column":21},"end":{"line":269,"column":41}}},"18":{"name":"forEach","line":280,"loc":{"start":{"line":280,"column":18},"end":{"line":280,"column":46}}},"19":{"name":"then","line":305,"loc":{"start":{"line":305,"column":38},"end":{"line":305,"column":54}}},"20":{"name":"(anonymous_20)","line":316,"loc":{"start":{"line":316,"column":32},"end":{"line":316,"column":44}}},"21":{"name":"(anonymous_21)","line":322,"loc":{"start":{"line":322,"column":25},"end":{"line":322,"column":37}}},"22":{"name":"then","line":342,"loc":{"start":{"line":342,"column":8},"end":{"line":342,"column":28}}},"23":{"name":"errHandler","line":346,"loc":{"start":{"line":346,"column":9},"end":{"line":346,"column":36}}},"24":{"name":"removeComments","line":354,"loc":{"start":{"line":354,"column":0},"end":{"line":354,"column":36}}},"25":{"name":"resolve","line":371,"loc":{"start":{"line":371,"column":0},"end":{"line":371,"column":27}}},"26":{"name":"updateTodo","line":400,"loc":{"start":{"line":400,"column":0},"end":{"line":400,"column":22}}},"27":{"name":"(anonymous_27)","line":402,"loc":{"start":{"line":402,"column":49},"end":{"line":402,"column":69}}},"28":{"name":"(anonymous_28)","line":406,"loc":{"start":{"line":406,"column":50},"end":{"line":406,"column":65}}},"29":{"name":"addJob","line":420,"loc":{"start":{"line":420,"column":0},"end":{"line":420,"column":22}}},"30":{"name":"completeJob","line":432,"loc":{"start":{"line":432,"column":0},"end":{"line":432,"column":27}}}},"statementMap":{"1":{"start":{"line":1,"column":0},"end":{"line":1,"column":25}},"2":{"start":{"line":3,"column":0},"end":{"line":3,"column":40}},"3":{"start":{"line":4,"column":0},"end":{"line":4,"column":31}},"4":{"start":{"line":5,"column":0},"end":{"line":5,"column":27}},"5":{"start":{"line":6,"column":0},"end":{"line":6,"column":27}},"6":{"start":{"line":7,"column":0},"end":{"line":7,"column":28}},"7":{"start":{"line":8,"column":0},"end":{"line":8,"column":38}},"8":{"start":{"line":9,"column":0},"end":{"line":9,"column":40}},"9":{"start":{"line":10,"column":0},"end":{"line":10,"column":45}},"10":{"start":{"line":11,"column":0},"end":{"line":11,"column":42}},"11":{"start":{"line":12,"column":0},"end":{"line":12,"column":34}},"12":{"start":{"line":13,"column":0},"end":{"line":13,"column":33}},"13":{"start":{"line":14,"column":0},"end":{"line":14,"column":37}},"14":{"start":{"line":15,"column":0},"end":{"line":15,"column":41}},"15":{"start":{"line":18,"column":0},"end":{"line":28,"column":2}},"16":{"start":{"line":29,"column":0},"end":{"line":34,"column":7}},"17":{"start":{"line":30,"column":2},"end":{"line":32,"column":3}},"18":{"start":{"line":31,"column":4},"end":{"line":31,"column":43}},"19":{"start":{"line":33,"column":2},"end":{"line":33,"column":13}},"20":{"start":{"line":37,"column":0},"end":{"line":156,"column":1}},"21":{"start":{"line":38,"column":2},"end":{"line":38,"column":21}},"22":{"start":{"line":39,"column":2},"end":{"line":39,"column":33}},"23":{"start":{"line":42,"column":2},"end":{"line":45,"column":3}},"24":{"start":{"line":43,"column":4},"end":{"line":43,"column":23}},"25":{"start":{"line":44,"column":4},"end":{"line":44,"column":21}},"26":{"start":{"line":47,"column":2},"end":{"line":50,"column":3}},"27":{"start":{"line":48,"column":4},"end":{"line":48,"column":23}},"28":{"start":{"line":49,"column":4},"end":{"line":49,"column":17}},"29":{"start":{"line":52,"column":2},"end":{"line":54,"column":3}},"30":{"start":{"line":53,"column":4},"end":{"line":53,"column":17}},"31":{"start":{"line":56,"column":2},"end":{"line":58,"column":3}},"32":{"start":{"line":57,"column":4},"end":{"line":57,"column":27}},"33":{"start":{"line":60,"column":2},"end":{"line":62,"column":3}},"34":{"start":{"line":61,"column":4},"end":{"line":61,"column":37}},"35":{"start":{"line":64,"column":2},"end":{"line":68,"column":3}},"36":{"start":{"line":65,"column":4},"end":{"line":65,"column":33}},"37":{"start":{"line":67,"column":4},"end":{"line":67,"column":25}},"38":{"start":{"line":72,"column":2},"end":{"line":75,"column":3}},"39":{"start":{"line":73,"column":4},"end":{"line":73,"column":37}},"40":{"start":{"line":74,"column":4},"end":{"line":74,"column":26}},"41":{"start":{"line":77,"column":2},"end":{"line":79,"column":3}},"42":{"start":{"line":78,"column":4},"end":{"line":78,"column":40}},"43":{"start":{"line":81,"column":2},"end":{"line":94,"column":3}},"44":{"start":{"line":82,"column":4},"end":{"line":93,"column":11}},"45":{"start":{"line":83,"column":6},"end":{"line":91,"column":7}},"46":{"start":{"line":84,"column":8},"end":{"line":86,"column":11}},"47":{"start":{"line":85,"column":10},"end":{"line":85,"column":26}},"48":{"start":{"line":87,"column":8},"end":{"line":87,"column":33}},"49":{"start":{"line":89,"column":8},"end":{"line":89,"column":36}},"50":{"start":{"line":90,"column":8},"end":{"line":90,"column":29}},"51":{"start":{"line":92,"column":6},"end":{"line":92,"column":17}},"52":{"start":{"line":96,"column":2},"end":{"line":104,"column":3}},"53":{"start":{"line":98,"column":4},"end":{"line":103,"column":11}},"54":{"start":{"line":99,"column":6},"end":{"line":99,"column":41}},"55":{"start":{"line":100,"column":6},"end":{"line":100,"column":42}},"56":{"start":{"line":101,"column":6},"end":{"line":101,"column":27}},"57":{"start":{"line":102,"column":6},"end":{"line":102,"column":17}},"58":{"start":{"line":106,"column":2},"end":{"line":106,"column":39}},"59":{"start":{"line":108,"column":2},"end":{"line":115,"column":4}},"60":{"start":{"line":110,"column":4},"end":{"line":112,"column":6}},"61":{"start":{"line":111,"column":6},"end":{"line":111,"column":52}},"62":{"start":{"line":114,"column":4},"end":{"line":114,"column":25}},"63":{"start":{"line":116,"column":2},"end":{"line":116,"column":57}},"64":{"start":{"line":117,"column":2},"end":{"line":124,"column":4}},"65":{"start":{"line":126,"column":2},"end":{"line":129,"column":16}},"66":{"start":{"line":127,"column":4},"end":{"line":127,"column":33}},"67":{"start":{"line":128,"column":4},"end":{"line":128,"column":59}},"68":{"start":{"line":131,"column":2},"end":{"line":131,"column":42}},"69":{"start":{"line":133,"column":2},"end":{"line":135,"column":5}},"70":{"start":{"line":134,"column":4},"end":{"line":134,"column":28}},"71":{"start":{"line":139,"column":2},"end":{"line":153,"column":3}},"72":{"start":{"line":140,"column":4},"end":{"line":145,"column":5}},"73":{"start":{"line":141,"column":6},"end":{"line":144,"column":8}},"74":{"start":{"line":143,"column":8},"end":{"line":143,"column":26}},"75":{"start":{"line":146,"column":4},"end":{"line":150,"column":7}},"76":{"start":{"line":147,"column":6},"end":{"line":149,"column":9}},"77":{"start":{"line":148,"column":8},"end":{"line":148,"column":32}},"78":{"start":{"line":152,"column":4},"end":{"line":152,"column":68}},"79":{"start":{"line":155,"column":2},"end":{"line":155,"column":14}},"80":{"start":{"line":158,"column":0},"end":{"line":158,"column":44}},"81":{"start":{"line":159,"column":0},"end":{"line":159,"column":42}},"82":{"start":{"line":160,"column":0},"end":{"line":160,"column":34}},"83":{"start":{"line":161,"column":0},"end":{"line":161,"column":44}},"84":{"start":{"line":162,"column":0},"end":{"line":162,"column":57}},"85":{"start":{"line":163,"column":0},"end":{"line":163,"column":59}},"86":{"start":{"line":164,"column":0},"end":{"line":164,"column":45}},"87":{"start":{"line":165,"column":0},"end":{"line":165,"column":51}},"88":{"start":{"line":166,"column":0},"end":{"line":166,"column":36}},"89":{"start":{"line":167,"column":0},"end":{"line":167,"column":50}},"90":{"start":{"line":168,"column":0},"end":{"line":168,"column":41}},"91":{"start":{"line":169,"column":0},"end":{"line":169,"column":30}},"92":{"start":{"line":170,"column":0},"end":{"line":170,"column":42}},"93":{"start":{"line":173,"column":0},"end":{"line":173,"column":37}},"94":{"start":{"line":174,"column":0},"end":{"line":174,"column":41}},"95":{"start":{"line":177,"column":0},"end":{"line":352,"column":1}},"96":{"start":{"line":178,"column":2},"end":{"line":178,"column":21}},"97":{"start":{"line":179,"column":2},"end":{"line":179,"column":24}},"98":{"start":{"line":181,"column":2},"end":{"line":351,"column":5}},"99":{"start":{"line":183,"column":4},"end":{"line":185,"column":5}},"100":{"start":{"line":184,"column":6},"end":{"line":184,"column":53}},"101":{"start":{"line":187,"column":4},"end":{"line":187,"column":27}},"102":{"start":{"line":189,"column":4},"end":{"line":189,"column":26}},"103":{"start":{"line":190,"column":4},"end":{"line":190,"column":22}},"104":{"start":{"line":191,"column":4},"end":{"line":191,"column":69}},"105":{"start":{"line":195,"column":4},"end":{"line":206,"column":5}},"106":{"start":{"line":196,"column":6},"end":{"line":196,"column":42}},"107":{"start":{"line":198,"column":6},"end":{"line":200,"column":7}},"108":{"start":{"line":199,"column":8},"end":{"line":199,"column":30}},"109":{"start":{"line":202,"column":6},"end":{"line":202,"column":24}},"110":{"start":{"line":204,"column":6},"end":{"line":204,"column":28}},"111":{"start":{"line":205,"column":6},"end":{"line":205,"column":54}},"112":{"start":{"line":209,"column":4},"end":{"line":209,"column":50}},"113":{"start":{"line":210,"column":4},"end":{"line":210,"column":26}},"114":{"start":{"line":211,"column":4},"end":{"line":211,"column":22}},"115":{"start":{"line":212,"column":4},"end":{"line":217,"column":6}},"116":{"start":{"line":218,"column":4},"end":{"line":218,"column":15}},"117":{"start":{"line":222,"column":4},"end":{"line":222,"column":29}},"118":{"start":{"line":223,"column":4},"end":{"line":223,"column":29}},"119":{"start":{"line":225,"column":4},"end":{"line":225,"column":27}},"120":{"start":{"line":227,"column":4},"end":{"line":227,"column":13}},"121":{"start":{"line":228,"column":4},"end":{"line":228,"column":32}},"122":{"start":{"line":229,"column":4},"end":{"line":229,"column":39}},"123":{"start":{"line":232,"column":4},"end":{"line":235,"column":5}},"124":{"start":{"line":233,"column":6},"end":{"line":233,"column":43}},"125":{"start":{"line":234,"column":6},"end":{"line":234,"column":69}},"126":{"start":{"line":238,"column":4},"end":{"line":240,"column":5}},"127":{"start":{"line":239,"column":6},"end":{"line":239,"column":20}},"128":{"start":{"line":242,"column":4},"end":{"line":242,"column":46}},"129":{"start":{"line":243,"column":4},"end":{"line":248,"column":5}},"130":{"start":{"line":244,"column":6},"end":{"line":244,"column":38}},"131":{"start":{"line":245,"column":6},"end":{"line":245,"column":64}},"132":{"start":{"line":247,"column":6},"end":{"line":247,"column":22}},"133":{"start":{"line":250,"column":4},"end":{"line":250,"column":27}},"134":{"start":{"line":254,"column":4},"end":{"line":257,"column":5}},"135":{"start":{"line":256,"column":6},"end":{"line":256,"column":40}},"136":{"start":{"line":259,"column":4},"end":{"line":261,"column":5}},"137":{"start":{"line":260,"column":6},"end":{"line":260,"column":57}},"138":{"start":{"line":263,"column":4},"end":{"line":263,"column":60}},"139":{"start":{"line":264,"column":4},"end":{"line":264,"column":19}},"140":{"start":{"line":265,"column":4},"end":{"line":265,"column":18}},"141":{"start":{"line":267,"column":4},"end":{"line":276,"column":5}},"142":{"start":{"line":269,"column":6},"end":{"line":275,"column":9}},"143":{"start":{"line":270,"column":8},"end":{"line":270,"column":35}},"144":{"start":{"line":271,"column":8},"end":{"line":271,"column":42}},"145":{"start":{"line":272,"column":8},"end":{"line":274,"column":9}},"146":{"start":{"line":273,"column":10},"end":{"line":273,"column":27}},"147":{"start":{"line":278,"column":4},"end":{"line":278,"column":22}},"148":{"start":{"line":280,"column":4},"end":{"line":303,"column":7}},"149":{"start":{"line":281,"column":6},"end":{"line":286,"column":7}},"150":{"start":{"line":283,"column":8},"end":{"line":283,"column":27}},"151":{"start":{"line":284,"column":8},"end":{"line":284,"column":33}},"152":{"start":{"line":285,"column":8},"end":{"line":285,"column":15}},"153":{"start":{"line":288,"column":6},"end":{"line":293,"column":7}},"154":{"start":{"line":290,"column":8},"end":{"line":290,"column":27}},"155":{"start":{"line":291,"column":8},"end":{"line":291,"column":33}},"156":{"start":{"line":292,"column":8},"end":{"line":292,"column":15}},"157":{"start":{"line":295,"column":6},"end":{"line":297,"column":7}},"158":{"start":{"line":296,"column":8},"end":{"line":296,"column":15}},"159":{"start":{"line":299,"column":6},"end":{"line":299,"column":41}},"160":{"start":{"line":301,"column":6},"end":{"line":301,"column":58}},"161":{"start":{"line":302,"column":6},"end":{"line":302,"column":40}},"162":{"start":{"line":305,"column":4},"end":{"line":339,"column":7}},"163":{"start":{"line":306,"column":6},"end":{"line":306,"column":20}},"164":{"start":{"line":309,"column":6},"end":{"line":311,"column":7}},"165":{"start":{"line":310,"column":8},"end":{"line":310,"column":49}},"166":{"start":{"line":314,"column":6},"end":{"line":334,"column":7}},"167":{"start":{"line":315,"column":8},"end":{"line":315,"column":39}},"168":{"start":{"line":316,"column":8},"end":{"line":320,"column":11}},"169":{"start":{"line":317,"column":10},"end":{"line":319,"column":40}},"170":{"start":{"line":322,"column":8},"end":{"line":326,"column":11}},"171":{"start":{"line":323,"column":10},"end":{"line":325,"column":40}},"172":{"start":{"line":328,"column":8},"end":{"line":331,"column":34}},"173":{"start":{"line":333,"column":8},"end":{"line":333,"column":24}},"174":{"start":{"line":336,"column":6},"end":{"line":336,"column":48}},"175":{"start":{"line":338,"column":6},"end":{"line":338,"column":18}},"176":{"start":{"line":343,"column":4},"end":{"line":343,"column":33}},"177":{"start":{"line":344,"column":4},"end":{"line":344,"column":24}},"178":{"start":{"line":347,"column":4},"end":{"line":347,"column":31}},"179":{"start":{"line":348,"column":4},"end":{"line":348,"column":28}},"180":{"start":{"line":349,"column":4},"end":{"line":349,"column":33}},"181":{"start":{"line":350,"column":4},"end":{"line":350,"column":16}},"182":{"start":{"line":354,"column":0},"end":{"line":369,"column":1}},"183":{"start":{"line":355,"column":2},"end":{"line":357,"column":3}},"184":{"start":{"line":356,"column":4},"end":{"line":356,"column":11}},"185":{"start":{"line":359,"column":2},"end":{"line":359,"column":33}},"186":{"start":{"line":360,"column":2},"end":{"line":360,"column":23}},"187":{"start":{"line":362,"column":2},"end":{"line":368,"column":3}},"188":{"start":{"line":363,"column":4},"end":{"line":363,"column":53}},"189":{"start":{"line":364,"column":4},"end":{"line":366,"column":5}},"190":{"start":{"line":365,"column":6},"end":{"line":365,"column":27}},"191":{"start":{"line":367,"column":4},"end":{"line":367,"column":32}},"192":{"start":{"line":371,"column":0},"end":{"line":398,"column":1}},"193":{"start":{"line":372,"column":2},"end":{"line":375,"column":3}},"194":{"start":{"line":373,"column":4},"end":{"line":373,"column":14}},"195":{"start":{"line":374,"column":4},"end":{"line":374,"column":20}},"196":{"start":{"line":378,"column":2},"end":{"line":380,"column":3}},"197":{"start":{"line":379,"column":4},"end":{"line":379,"column":14}},"198":{"start":{"line":383,"column":2},"end":{"line":385,"column":3}},"199":{"start":{"line":384,"column":4},"end":{"line":384,"column":35}},"200":{"start":{"line":388,"column":2},"end":{"line":390,"column":3}},"201":{"start":{"line":389,"column":4},"end":{"line":389,"column":14}},"202":{"start":{"line":392,"column":2},"end":{"line":394,"column":3}},"203":{"start":{"line":393,"column":4},"end":{"line":393,"column":44}},"204":{"start":{"line":396,"column":2},"end":{"line":396,"column":32}},"205":{"start":{"line":397,"column":2},"end":{"line":397,"column":32}},"206":{"start":{"line":400,"column":0},"end":{"line":418,"column":1}},"207":{"start":{"line":401,"column":2},"end":{"line":401,"column":23}},"208":{"start":{"line":402,"column":2},"end":{"line":404,"column":8}},"209":{"start":{"line":403,"column":4},"end":{"line":403,"column":37}},"210":{"start":{"line":406,"column":2},"end":{"line":411,"column":21}},"211":{"start":{"line":407,"column":4},"end":{"line":409,"column":5}},"212":{"start":{"line":408,"column":6},"end":{"line":408,"column":51}},"213":{"start":{"line":410,"column":4},"end":{"line":410,"column":17}},"214":{"start":{"line":413,"column":2},"end":{"line":417,"column":5}},"215":{"start":{"line":420,"column":0},"end":{"line":430,"column":1}},"216":{"start":{"line":421,"column":2},"end":{"line":421,"column":62}},"217":{"start":{"line":422,"column":2},"end":{"line":422,"column":33}},"218":{"start":{"line":423,"column":2},"end":{"line":423,"column":23}},"219":{"start":{"line":424,"column":2},"end":{"line":424,"column":20}},"220":{"start":{"line":426,"column":2},"end":{"line":426,"column":27}},"221":{"start":{"line":429,"column":2},"end":{"line":429,"column":22}},"222":{"start":{"line":432,"column":0},"end":{"line":438,"column":1}},"223":{"start":{"line":433,"column":2},"end":{"line":433,"column":30}},"224":{"start":{"line":434,"column":2},"end":{"line":434,"column":20}},"225":{"start":{"line":437,"column":2},"end":{"line":437,"column":22}}},"branchMap":{"1":{"line":30,"type":"if","locations":[{"start":{"line":30,"column":2},"end":{"line":30,"column":2}},{"start":{"line":30,"column":2},"end":{"line":30,"column":2}}]},"2":{"line":42,"type":"if","locations":[{"start":{"line":42,"column":2},"end":{"line":42,"column":2}},{"start":{"line":42,"column":2},"end":{"line":42,"column":2}}]},"3":{"line":47,"type":"if","locations":[{"start":{"line":47,"column":2},"end":{"line":47,"column":2}},{"start":{"line":47,"column":2},"end":{"line":47,"column":2}}]},"4":{"line":52,"type":"if","locations":[{"start":{"line":52,"column":2},"end":{"line":52,"column":2}},{"start":{"line":52,"column":2},"end":{"line":52,"column":2}}]},"5":{"line":56,"type":"if","locations":[{"start":{"line":56,"column":2},"end":{"line":56,"column":2}},{"start":{"line":56,"column":2},"end":{"line":56,"column":2}}]},"6":{"line":60,"type":"if","locations":[{"start":{"line":60,"column":2},"end":{"line":60,"column":2}},{"start":{"line":60,"column":2},"end":{"line":60,"column":2}}]},"7":{"line":64,"type":"if","locations":[{"start":{"line":64,"column":2},"end":{"line":64,"column":2}},{"start":{"line":64,"column":2},"end":{"line":64,"column":2}}]},"8":{"line":72,"type":"if","locations":[{"start":{"line":72,"column":2},"end":{"line":72,"column":2}},{"start":{"line":72,"column":2},"end":{"line":72,"column":2}}]},"9":{"line":77,"type":"if","locations":[{"start":{"line":77,"column":2},"end":{"line":77,"column":2}},{"start":{"line":77,"column":2},"end":{"line":77,"column":2}}]},"10":{"line":77,"type":"binary-expr","locations":[{"start":{"line":77,"column":6},"end":{"line":77,"column":21}},{"start":{"line":77,"column":25},"end":{"line":77,"column":56}}]},"11":{"line":81,"type":"if","locations":[{"start":{"line":81,"column":2},"end":{"line":81,"column":2}},{"start":{"line":81,"column":2},"end":{"line":81,"column":2}}]},"12":{"line":81,"type":"binary-expr","locations":[{"start":{"line":81,"column":6},"end":{"line":81,"column":21}},{"start":{"line":81,"column":25},"end":{"line":81,"column":55}}]},"13":{"line":83,"type":"if","locations":[{"start":{"line":83,"column":6},"end":{"line":83,"column":6}},{"start":{"line":83,"column":6},"end":{"line":83,"column":6}}]},"14":{"line":96,"type":"if","locations":[{"start":{"line":96,"column":2},"end":{"line":96,"column":2}},{"start":{"line":96,"column":2},"end":{"line":96,"column":2}}]},"15":{"line":96,"type":"binary-expr","locations":[{"start":{"line":96,"column":6},"end":{"line":96,"column":21}},{"start":{"line":96,"column":25},"end":{"line":96,"column":63}}]},"16":{"line":106,"type":"binary-expr","locations":[{"start":{"line":106,"column":17},"end":{"line":106,"column":32}},{"start":{"line":106,"column":36},"end":{"line":106,"column":38}}]},"17":{"line":131,"type":"binary-expr","locations":[{"start":{"line":131,"column":16},"end":{"line":131,"column":32}},{"start":{"line":131,"column":36},"end":{"line":131,"column":41}}]},"18":{"line":139,"type":"if","locations":[{"start":{"line":139,"column":2},"end":{"line":139,"column":2}},{"start":{"line":139,"column":2},"end":{"line":139,"column":2}}]},"19":{"line":140,"type":"if","locations":[{"start":{"line":140,"column":4},"end":{"line":140,"column":4}},{"start":{"line":140,"column":4},"end":{"line":140,"column":4}}]},"20":{"line":181,"type":"binary-expr","locations":[{"start":{"line":181,"column":19},"end":{"line":181,"column":32}},{"start":{"line":181,"column":36},"end":{"line":181,"column":39}}]},"21":{"line":183,"type":"if","locations":[{"start":{"line":183,"column":4},"end":{"line":183,"column":4}},{"start":{"line":183,"column":4},"end":{"line":183,"column":4}}]},"22":{"line":191,"type":"binary-expr","locations":[{"start":{"line":191,"column":23},"end":{"line":191,"column":36}},{"start":{"line":191,"column":40},"end":{"line":191,"column":43}}]},"23":{"line":195,"type":"if","locations":[{"start":{"line":195,"column":4},"end":{"line":195,"column":4}},{"start":{"line":195,"column":4},"end":{"line":195,"column":4}}]},"24":{"line":195,"type":"binary-expr","locations":[{"start":{"line":195,"column":8},"end":{"line":195,"column":19}},{"start":{"line":195,"column":23},"end":{"line":195,"column":46}}]},"25":{"line":196,"type":"binary-expr","locations":[{"start":{"line":196,"column":12},"end":{"line":196,"column":23}},{"start":{"line":196,"column":27},"end":{"line":196,"column":41}}]},"26":{"line":198,"type":"if","locations":[{"start":{"line":198,"column":6},"end":{"line":198,"column":6}},{"start":{"line":198,"column":6},"end":{"line":198,"column":6}}]},"27":{"line":232,"type":"if","locations":[{"start":{"line":232,"column":4},"end":{"line":232,"column":4}},{"start":{"line":232,"column":4},"end":{"line":232,"column":4}}]},"28":{"line":234,"type":"binary-expr","locations":[{"start":{"line":234,"column":12},"end":{"line":234,"column":15}},{"start":{"line":234,"column":19},"end":{"line":234,"column":68}}]},"29":{"line":238,"type":"if","locations":[{"start":{"line":238,"column":4},"end":{"line":238,"column":4}},{"start":{"line":238,"column":4},"end":{"line":238,"column":4}}]},"30":{"line":238,"type":"binary-expr","locations":[{"start":{"line":238,"column":8},"end":{"line":238,"column":23}},{"start":{"line":238,"column":27},"end":{"line":238,"column":41}}]},"31":{"line":243,"type":"if","locations":[{"start":{"line":243,"column":4},"end":{"line":243,"column":4}},{"start":{"line":243,"column":4},"end":{"line":243,"column":4}}]},"32":{"line":254,"type":"if","locations":[{"start":{"line":254,"column":4},"end":{"line":254,"column":4}},{"start":{"line":254,"column":4},"end":{"line":254,"column":4}}]},"33":{"line":254,"type":"binary-expr","locations":[{"start":{"line":254,"column":8},"end":{"line":254,"column":36}},{"start":{"line":255,"column":8},"end":{"line":255,"column":36}}]},"34":{"line":259,"type":"if","locations":[{"start":{"line":259,"column":4},"end":{"line":259,"column":4}},{"start":{"line":259,"column":4},"end":{"line":259,"column":4}}]},"35":{"line":267,"type":"if","locations":[{"start":{"line":267,"column":4},"end":{"line":267,"column":4}},{"start":{"line":267,"column":4},"end":{"line":267,"column":4}}]},"36":{"line":271,"type":"binary-expr","locations":[{"start":{"line":271,"column":22},"end":{"line":271,"column":35}},{"start":{"line":271,"column":39},"end":{"line":271,"column":41}}]},"37":{"line":272,"type":"if","locations":[{"start":{"line":272,"column":8},"end":{"line":272,"column":8}},{"start":{"line":272,"column":8},"end":{"line":272,"column":8}}]},"38":{"line":272,"type":"binary-expr","locations":[{"start":{"line":272,"column":12},"end":{"line":272,"column":25}},{"start":{"line":272,"column":29},"end":{"line":272,"column":77}}]},"39":{"line":281,"type":"if","locations":[{"start":{"line":281,"column":6},"end":{"line":281,"column":6}},{"start":{"line":281,"column":6},"end":{"line":281,"column":6}}]},"40":{"line":281,"type":"binary-expr","locations":[{"start":{"line":281,"column":10},"end":{"line":281,"column":26}},{"start":{"line":281,"column":30},"end":{"line":281,"column":53}}]},"41":{"line":288,"type":"if","locations":[{"start":{"line":288,"column":6},"end":{"line":288,"column":6}},{"start":{"line":288,"column":6},"end":{"line":288,"column":6}}]},"42":{"line":288,"type":"binary-expr","locations":[{"start":{"line":288,"column":10},"end":{"line":288,"column":26}},{"start":{"line":288,"column":30},"end":{"line":288,"column":53}}]},"43":{"line":295,"type":"if","locations":[{"start":{"line":295,"column":6},"end":{"line":295,"column":6}},{"start":{"line":295,"column":6},"end":{"line":295,"column":6}}]},"44":{"line":309,"type":"if","locations":[{"start":{"line":309,"column":6},"end":{"line":309,"column":6}},{"start":{"line":309,"column":6},"end":{"line":309,"column":6}}]},"45":{"line":314,"type":"if","locations":[{"start":{"line":314,"column":6},"end":{"line":314,"column":6}},{"start":{"line":314,"column":6},"end":{"line":314,"column":6}}]},"46":{"line":355,"type":"if","locations":[{"start":{"line":355,"column":2},"end":{"line":355,"column":2}},{"start":{"line":355,"column":2},"end":{"line":355,"column":2}}]},"47":{"line":355,"type":"binary-expr","locations":[{"start":{"line":355,"column":6},"end":{"line":355,"column":14}},{"start":{"line":355,"column":18},"end":{"line":355,"column":37}}]},"48":{"line":363,"type":"binary-expr","locati
[...]
s_2)","line":36,"loc":{"start":{"line":36,"column":20},"end":{"line":36,"column":39}}},"3":{"name":"(anonymous_3)","line":42,"loc":{"start":{"line":42,"column":31},"end":{"line":42,"column":48}}},"4":{"name":"(anonymous_4)","line":46,"loc":{"start":{"line":46,"column":30},"end":{"line":46,"column":42}}},"5":{"name":"(anonymous_5)","line":53,"loc":{"start":{"line":53,"column":9},"end":{"line":53,"column":27}}},"6":{"name":"result","line":54,"loc":{"start":{"line":54,"column":44},"end":{"line":54,"column":73}}},"7":{"name":"(anonymous_7)","line":69,"loc":{"start":{"line":69,"column":10},"end":{"line":69,"column":29}}},"8":{"name":"progressEvent","line":85,"loc":{"start":{"line":85,"column":29},"end":{"line":85,"column":59}}},"9":{"name":"jobsEvent","line":91,"loc":{"start":{"line":91,"column":25},"end":{"line":91,"column":51}}},"10":{"name":"warningEvent","line":97,"loc":{"start":{"line":97,"column":28},"end":{"line":97,"column":57}}},"11":{"name":"(anonymous_11)","line":103,"loc":{"start":{"line":103,"column":24},"end":{"line":103,"column":36}}},"12":{"name":"(anonymous_12)","line":107,"loc":{"start":{"line":107,"column":43},"end":{"line":107,"column":60}}},"13":{"name":"(anonymous_13)","line":108,"loc":{"start":{"line":108,"column":28},"end":{"line":108,"column":40}}},"14":{"name":"progress","line":114,"loc":{"start":{"line":114,"column":28},"end":{"line":114,"column":53}}},"15":{"name":"(anonymous_15)","line":118,"loc":{"start":{"line":118,"column":11},"end":{"line":118,"column":28}}}},"statementMap":{"1":{"start":{"line":3,"column":0},"end":{"line":3,"column":46}},"2":{"start":{"line":4,"column":0},"end":{"line":4,"column":45}},"3":{"start":{"line":5,"column":0},"end":{"line":5,"column":35}},"4":{"start":{"line":7,"column":0},"end":{"line":7,"column":7}},"5":{"start":{"line":9,"column":0},"end":{"line":121,"column":1}},"6":{"start":{"line":10,"column":2},"end":{"line":10,"column":57}},"7":{"start":{"line":12,"column":2},"end":{"line":14,"column":3}},"8":{"start":{"line":13,"column":4},"end":{"line":13,"column":39}},"9":{"start":{"line":16,"column":2},"end":{"line":16,"column":27}},"10":{"start":{"line":18,"column":2},"end":{"line":21,"column":3}},"11":{"start":{"line":19,"column":4},"end":{"line":19,"column":69}},"12":{"start":{"line":20,"column":4},"end":{"line":20,"column":20}},"13":{"start":{"line":23,"column":2},"end":{"line":29,"column":3}},"14":{"start":{"line":24,"column":4},"end":{"line":26,"column":6}},"15":{"start":{"line":27,"column":4},"end":{"line":27,"column":23}},"16":{"start":{"line":28,"column":4},"end":{"line":28,"column":20}},"17":{"start":{"line":31,"column":2},"end":{"line":31,"column":31}},"18":{"start":{"line":33,"column":2},"end":{"line":33,"column":31}},"19":{"start":{"line":35,"column":2},"end":{"line":50,"column":3}},"20":{"start":{"line":36,"column":4},"end":{"line":49,"column":7}},"21":{"start":{"line":37,"column":6},"end":{"line":37,"column":29}},"22":{"start":{"line":38,"column":6},"end":{"line":38,"column":40}},"23":{"start":{"line":40,"column":6},"end":{"line":40,"column":20}},"24":{"start":{"line":42,"column":6},"end":{"line":44,"column":9}},"25":{"start":{"line":43,"column":8},"end":{"line":43,"column":22}},"26":{"start":{"line":46,"column":6},"end":{"line":48,"column":9}},"27":{"start":{"line":47,"column":8},"end":{"line":47,"column":22}},"28":{"start":{"line":52,"column":2},"end":{"line":52,"column":30}},"29":{"start":{"line":53,"column":2},"end":{"line":120,"column":5}},"30":{"start":{"line":54,"column":4},"end":{"line":66,"column":7}},"31":{"start":{"line":55,"column":6},"end":{"line":63,"column":7}},"32":{"start":{"line":56,"column":8},"end":{"line":56,"column":66}},"33":{"start":{"line":57,"column":8},"end":{"line":57,"column":31}},"34":{"start":{"line":59,"column":8},"end":{"line":61,"column":9}},"35":{"start":{"line":60,"column":10},"end":{"line":60,"column":37}},"36":{"start":{"line":62,"column":8},"end":{"line":62,"column":24}},"37":{"start":{"line":65,"column":6},"end":{"line":65,"column":24}},"38":{"start":{"line":68,"column":4},"end":{"line":68,"column":19}},"39":{"start":{"line":73,"column":4},"end":{"line":73,"column":46}},"40":{"start":{"line":74,"column":4},"end":{"line":74,"column":71}},"41":{"start":{"line":76,"column":4},"end":{"line":78,"column":16}},"42":{"start":{"line":80,"column":4},"end":{"line":117,"column":5}},"43":{"start":{"line":81,"column":6},"end":{"line":81,"column":20}},"44":{"start":{"line":82,"column":6},"end":{"line":82,"column":41}},"45":{"start":{"line":83,"column":6},"end":{"line":83,"column":24}},"46":{"start":{"line":85,"column":6},"end":{"line":89,"column":9}},"47":{"start":{"line":86,"column":8},"end":{"line":86,"column":25}},"48":{"start":{"line":88,"column":8},"end":{"line":88,"column":40}},"49":{"start":{"line":91,"column":6},"end":{"line":95,"column":9}},"50":{"start":{"line":92,"column":8},"end":{"line":92,"column":21}},"51":{"start":{"line":94,"column":8},"end":{"line":94,"column":43}},"52":{"start":{"line":97,"column":6},"end":{"line":101,"column":9}},"53":{"start":{"line":98,"column":8},"end":{"line":98,"column":25}},"54":{"start":{"line":100,"column":8},"end":{"line":100,"column":34}},"55":{"start":{"line":103,"column":6},"end":{"line":105,"column":9}},"56":{"start":{"line":104,"column":8},"end":{"line":104,"column":25}},"57":{"start":{"line":107,"column":6},"end":{"line":112,"column":9}},"58":{"start":{"line":108,"column":8},"end":{"line":111,"column":11}},"59":{"start":{"line":109,"column":10},"end":{"line":109,"column":48}},"60":{"start":{"line":110,"column":10},"end":{"line":110,"column":64}},"61":{"start":{"line":110,"column":16},"end":{"line":110,"column":49}},"62":{"start":{"line":114,"column":6},"end":{"line":116,"column":9}},"63":{"start":{"line":115,"column":8},"end":{"line":115,"column":42}},"64":{"start":{"line":119,"column":4},"end":{"line":119,"column":31}}},"branchMap":{"1":{"line":12,"type":"if","locations":[{"start":{"line":12,"column":2},"end":{"line":12,"column":2}},{"start":{"line":12,"column":2},"end":{"line":12,"column":2}}]},"2":{"line":18,"type":"if","locations":[{"start":{"line":18,"column":2},"end":{"line":18,"column":2}},{"start":{"line":18,"column":2},"end":{"line":18,"column":2}}]},"3":{"line":19,"type":"binary-expr","locations":[{"start":{"line":19,"column":16},"end":{"line":19,"column":50}},{"start":{"line":19,"column":54},"end":{"line":19,"column":67}}]},"4":{"line":23,"type":"if","locations":[{"start":{"line":23,"column":2},"end":{"line":23,"column":2}},{"start":{"line":23,"column":2},"end":{"line":23,"column":2}}]},"5":{"line":23,"type":"binary-expr","locations":[{"start":{"line":23,"column":7},"end":{"line":23,"column":11}},{"start":{"line":23,"column":15},"end":{"line":23,"column":29}},{"start":{"line":23,"column":34},"end":{"line":23,"column":43}}]},"6":{"line":35,"type":"if","locations":[{"start":{"line":35,"column":2},"end":{"line":35,"column":2}},{"start":{"line":35,"column":2},"end":{"line":35,"column":2}}]},"7":{"line":55,"type":"if","locations":[{"start":{"line":55,"column":6},"end":{"line":55,"column":6}},{"start":{"line":55,"column":6},"end":{"line":55,"column":6}}]},"8":{"line":56,"type":"binary-expr","locations":[{"start":{"line":56,"column":22},"end":{"line":56,"column":48}},{"start":{"line":56,"column":52},"end":{"line":56,"column":65}}]},"9":{"line":59,"type":"if","locations":[{"start":{"line":59,"column":8},"end":{"line":59,"column":8}},{"start":{"line":59,"column":8},"end":{"line":59,"column":8}}]},"10":{"line":80,"type":"if","locations":[{"start":{"line":80,"column":4},"end":{"line":80,"column":4}},{"start":{"line":80,"column":4},"end":{"line":80,"column":4}}]}},"code":["//#!/usr/bin/env node","","var readFileSync = require('fs').readFileSync;","var Promise = require('es6-promise').Promise; // jshint ignore:line","var ansi = require('ansi-escapes');","","main();","","function main() {","  var argv = require('./options')(process.argv.slice(2));","","  if (argv.debug) {","    require('debug').enable('inliner');","  }","","  var url = argv._.shift();","","  if (argv.version) {","    console.log(require('../package.json').version || 'development');","    process.exit(0);","  }","","  if ((!url && !argv.useStdin) || argv.help) {","    var usage = readFileSync(","      __dirname + '/../docs/usage.txt', 'utf8'","    );","    console.log(usage);","    process.exit(0);","  }","","  var Inliner = require('../');","","  var p = Promise.resolve(url);","","  if (argv.useStdin) {","    p = new Promise(function (resolve) {","      process.stdin.resume();","      process.stdin.setEncoding('utf8');","","      var data = '';","","      process.stdin.on('data', function (chunk) {","        data += chunk;","      });","","      process.stdin.on('end', function () {","        resolve(data);","      });","    });","  }","","  var time = process.hrtime();","  p.then(function (source) {","    var inliner = new Inliner(source, argv, function result(error, html) {","      if (error) {","        var message = Inliner.errors[error.code] || error.message;","        console.error(message);","","        if (argv.debug) {","          console.error(error.stack);","        }","        process.exit(1);","      }","","      console.log(html);","    });","","    return inliner;","  }).then(function (inliner) {","    // checks for available update and returns an instance","    // note: we're doing this after we kick off inliner, since there's a","    // noticeable lag in boot because of it","    var defaults = require('lodash.defaults');","    var pkg = JSON.parse(readFileSync(__dirname + '/../package.json'));","","    require('update-notifier')({","      pkg: defaults(pkg, { version: '0.0.0' }),","    }).notify();","","    if (argv.verbose) {","      var jobs = {};","      var update = require('./progress');","      var progress = '';","","      inliner.on('progress', function progressEvent(event) {","        progress = event;","        // console.log(JSON.stringify({ type: 'progress', progress, jobs }));","        update(event, jobs, argv.debug);","      });","","      inliner.on('jobs', function jobsEvent(event) {","        jobs = event;","        // console.log(JSON.stringify({ type: 'jobs', progress, jobs }));","        update(progress, jobs, argv.debug);","      });","","      inliner.on('warning', function warningEvent(event) {","        progress = event;","        // console.log(JSON.stringify({ type: 'warning', progress, jobs }));","        update(event, jobs, true);","      });","","      inliner.on('end', function () {","        update.end(time);","      });","","      'exit SIGINT SIGTERM'.split(' ').map(function (event) {","        process.once(event, function () {","          process.stderr.write(ansi.cursorShow); // put the cursor back","          try { process.kill(process.pid, event); } catch (e) {}","        });","      });","    } else {","      inliner.on('warning', function progress(event) {","        console.warn('warning: ' + event);","      });","    }","  }).catch(function (error) {","    console.error(error.stack);","  });","}",""],"l":{"3":1,"4":1,"5":1,"7":1,"9":1,"10":1,"12":1,"13":0,"16":1,"18":1,"19":0,"20":0,"23":1,"24":1,"27":1,"28":1,"31":1,"33":1,"35":1,"36":0,"37":0,"38":0,"40":0,"42":0,"43":0,"46":0,"47":0,"52":1,"53":1,"54":1,"55":0,"56":0,"57":0,"59":0,"60":0,"62":0,"65":0,"68":1,"73":1,"74":1,"76":1,"80":1,"81":0,"82":0,"83":0,"85":0,"86":0,"88":0,"91":0,"92":0,"94":0,"97":0,"98":0,"100":0,"103":0,"104":0,"107":0,"108":0,"109":0,"110":0,"114":1,"115":0,"119":0}},"/home/travis/build/npmtest/node-npmtest-inliner/node_modules/inliner/cli/options.js":{"path":"/home/travis/build/npmtest/node-npmtest-inliner/node_modules/inliner/cli/options.js","s":{"1":1,"2":1,"3":1,"4":1,"5":1,"6":0,"7":0,"8":0,"9":1,"10":0,"11":1,"12":0,"13":1,"14":1,"15":1,"16":1},"b":{"1":[0,1],"2":[0,1],"3":[0,1],"4":[1,1]},"f":{"1":1},"fnMap":{"1":{"name":"options","line":5,"loc":{"start":{"line":5,"column":0},"end":{"line":5,"column":23}}}},"statementMap":{"1":{"start":{"line":1,"column":0},"end":{"line":1,"column":25}},"2":{"start":{"line":3,"column":0},"end":{"line":3,"column":35}},"3":{"start":{"line":5,"column":0},"end":{"line":60,"column":1}},"4":{"start":{"line":6,"column":2},"end":{"line":38,"column":5}},"5":{"start":{"line":41,"column":2},"end":{"line":45,"column":3}},"6":{"start":{"line":42,"column":4},"end":{"line":42,"column":29}},"7":{"start":{"line":43,"column":4},"end":{"line":43,"column":28}},"8":{"start":{"line":44,"column":4},"end":{"line":44,"column":36}},"9":{"start":{"line":46,"column":2},"end":{"line":48,"column":3}},"10":{"start":{"line":47,"column":4},"end":{"line":47,"column":33}},"11":{"start":{"line":50,"column":2},"end":{"line":52,"column":3}},"12":{"start":{"line":51,"column":4},"end":{"line":51,"column":33}},"13":{"start":{"line":53,"column":2},"end":{"line":53,"column":31}},"14":{"start":{"line":55,"column":2},"end":{"line":55,"column":39}},"15":{"start":{"line":57,"column":2},"end":{"line":57,"column":55}},"16":{"start":{"line":59,"column":2},"end":{"line":59,"column":14}}},"branchMap":{"1":{"line":41,"type":"if","locations":[{"start":{"line":41,"column":2},"end":{"line":41,"column":2}},{"start":{"line":41,"column":2},"end":{"line":41,"column":2}}]},"2":{"line":46,"type":"if","locations":[{"start":{"line":46,"column":2},"end":{"line":46,"column":2}},{"start":{"line":46,"column":2},"end":{"line":46,"column":2}}]},"3":{"line":50,"type":"if","locations":[{"start":{"line":50,"column":2},"end":{"line":50,"column":2}},{"start":{"line":50,"column":2},"end":{"line":50,"column":2}}]},"4":{"line":57,"type":"binary-expr","locations":[{"start":{"line":57,"column":17},"end":{"line":57,"column":29}},{"start":{"line":57,"column":33},"end":{"line":57,"column":54}}]}},"code":["module.exports = options;","","var minimist = require('minimist');","","function options(args) {","  var argv = minimist(args, {","    boolean: [ // flags","      'version',","      'help',","      'debug',","      'verbose',","      'noimages',","      'nocompress',","      'nosvg',","      'skip-absolute-urls',","      'videos',","      'inlinemin',","      'preserve-comments',","      'iesafe',","    ],","    string: [ // options","      'encoding',","    ],","    alias: {","      images: 'noimages', // legacy support","      V: 'version',","      h: 'help',","      d: 'debug',","      v: 'verbose',","      i: 'noimages',","      n: 'nocompress',","      e: 'encoding',","      s: 'nosvg',","      o: 'videos',","      m: 'inlinemin',","      H: 'header',","    },","  });","","  // copy across specific options","  if (argv.nocompress) {","    argv.compressCSS = false;","    argv.compressJS = false;","    argv.collapseWhitespace = false;","  }","  if (argv['preserve-comments']) {","    argv.preserveComments = true;","  }","","  if (argv['skip-absolute-urls']) {","    argv.skipAbsoluteUrls = true;","  }","  argv.images = !argv.noimages;","","  argv.useStdin = !process.stdin.isTTY;","","  argv.verbose = argv.verbose || !process.stdout.isTTY;","","  return argv;","}",""],"l":{"1":1,"3":1,"5":1,"6":1,"41":1,"42":0,"43":0,"44":0,"46":1,"47":0,"50":1,"51":0,"53":1,"55":1,"57":1,"59":1}},"/home/travis/build/npmtest/node-npmtest-inliner/node_modules/inliner/cli/progress.js":{"path":"/home/travis/build/npmtest/node-npmtest-inliner/node_modules/inliner/cli/progress.js","s":{"1":1,"2":1,"3":1,"4":1,"5":0,"6":0,"7":0,"8":0,"9":0,"10":0,"11":0,"12":0,"13":0,"14":0,"15":0,"16":1,"17":0,"18":0,"19":0,"20":1,"21":3,"22":0,"23":0,"24":0},"b":{"1":[0,0],"2":[0,0],"3":[0,0]},"f":{"1":0,"2":0,"3":3,"4":0},"fnMap":{"1":{"name":"(anonymous_1)","line":7,"loc":{"start":{"line":7,"column":17},"end":{"line":7,"column":49}}},"2":{"name":"(anonymous_2)","line":48,"loc":{"start":{"line":48,"column":21},"end":{"line":48,"column":37}}},"3":{"name":"(anonymous_3)","line":56,"loc":{"start":{"line":56,"column":37},"end":{"line":56,"column":54}}},"4":{"name":"(anonymous_4)","line":57,"loc":{"start":{"line":57,"column":22},"end":{"line":57,"column":34}}}},"statementMap":{"1":{"start":{"line":1,"column":0},"end":{"line":1,"column":36}},"2":{"start":{"line":2,"column":0},"end":{"line":2,"column":35}},"3":{"start":{"line":4,"column":0},"end":{"line":5,"column":33}},"4":{"start":{"line":7,"column":0},"end":{"line":46,"column":2}},"5":{"start":{"line":8,"column":2},"end":{"line":19,"column":3}},"6":{"start":{"line":9,"column":4},"end":{"line":18,"column":6}},"7":{"start":{"line":21,"column":2},"end":{"line":21,"column":44}},"8":{"start":{"line":22,"column":2},"end":{"line":24,"column":3}},"9":{"start":{"line":23,"column":4},"end":{"line":23,"column":43}},"10":{"start":{"line":26,"column":2},"end":{"line":26,"column":39}},"11":{"start":{"line":27,"column":2},"end":{"line":31,"column":3}},"12":{"start":{"line":28,"column":4},"end":{"line":28,"column":10}},"13":{"start":{"line":30,"column":4},"end":{"line":30,"column":14}},"14":{"start":{"line":33,"column":2},"end":{"line":39,"column":22}},"15":{"start":{"line":41,"column":2},"end":{"line":45,"column":23}},"16":{"start":{"line":48,"column":0},"end":{"line":53,"column":2}},"17":{"start":{"line":49,"column":2},"end":{"line":49,"column":34}},"18":{"start":{"line":50,"column":2},"end":{"line":51,"column":62}},"19":{"start":{"line":52,"column":2},"end":{"line":52,"column":40}},"20":{"start":{"line":56,"column":0},"end":{"line":61,"column":3}},"21":{"start":{"line":57,"column":2},"end":{"line":60,"column":5}},"22":{"start":{"line":58,"column":4},"end":{"line":58,"column":42}},"23":{"start":{"line":59,"column":4},"end":{"line":59,"column":58}},"24":{"start":{"line":59,"column":10},"end":{"line":59,"column":43}}},"branchMap":{"1":{"line":8,"type":"if","locations":[{"start":{"line":8,"column":2},"end":{"line":8,"column":2}},{"start":{"line":8,"column":2},"end":{"line":8,"column":2}}]},"2":{"line":22,"type":"if","locations":[{"start":{"line":22,"column":2},"end":{"line":22,"column":2}},{"start":{"line":22,"column":2},"end":{"line":22,"column":2}}]},"3":{"line":27,"type":"if","locations":[{"start":{"line":27,"column":2},"end":{"line":27,"column":2}},{"start":{"line":27,"column":2},"end":{"line":27,"column":2}}]}},"code":["var styles = require('ansi-styles');","var ansi = require('ansi-escapes');","","console.warn(ansi.cursorHide + '\\n\\n' + ansi.cursorUp() +","        ansi.cursorSavePosition);","","module.exports = function (progress, jobs, keep) {","  if (keep) {","    process.stderr.write(","      ansi.cursorRestorePosition +","      ansi.cursorLeft +","      ansi.eraseLines(2) +","      styles.red.open + '‣ ' + styles.red.close +","      styles.gray.open + progress + styles.gray.close +","      '\\n\\n' +","      ansi.cursorSavePosition +","      '\\n\\n'","    );","  }","","  var remaining = jobs.breakdown.join(', ');","  if (remaining) {","    remaining = ' remaining: ' + remaining;","  }","","  var t = jobs.todo / jobs.total * 100;","  if (t < 1) {","    t = 0;","  } else {","    t = t | 0;","  }","","  var str = styles.green.open +","    (100 - t) + '%' +","    styles.green.close +","    remaining +","    styles.gray.open +","    '\\nLast job: ' + progress +","    styles.gray.close;","","  process.stderr.write(","    ansi.cursorRestorePosition +","    ansi.cursorLeft +","    ansi.eraseLines(2) +","    str.trim() + '\\n');","};","","module.exports.end = function (time) {","  var diff = process.hrtime(time);","  process.stderr.write(styles.green.open + 'Time: ' + diff[0] + 's ' +","    (diff[1] / 1e6).toFixed(3) + 'ms\\n' + styles.green.close);","  process.stderr.write(ansi.cursorShow);","};","","// tidy up cursor","'exit SIGINT SIGTERM'.split(' ').map(function (event) {","  process.once(event, function () {","    process.stderr.write(ansi.cursorShow); // put the cursor back","    try { process.kill(process.pid, event); } catch (e) {}","  });","});",""],"l":{"1":1,"2":1,"4":1,"7":1,"8":0,"9":0,"21":0,"22":0,"23":0,"26":0,"27":0,"28":0,"30":0,"33":0,"41":0,"48":1,"49":0,"50":0,"52":0,"56":1,"57":3,"58":0,"59":0}}}